Loaded 11 benchmarks with ideal_retrieved_chunks
/storage/home/hcoda1/1/ssinghal88/scratch/.conda/envs/tokensmith/lib/python3.12/site-packages/transformers/utils/hub.py:106: FutureWarning: Using `TRANSFORMERS_CACHE` is deprecated and will be removed in v5 of Transformers. Use `HF_HOME` instead.
  warnings.warn(

================================================================================================
id                             kw@5  kw@10  sim@5  sim@10    R@5    MRR   emb_ms
------------------------------------------------------------------------------------------------
aggregation_grouping           0.00   0.17  0.072   0.072   0.00  0.000      1.2
acid_properties                0.00   0.00  0.293   0.293   0.00  0.000      2.8
bptree                         0.20   0.20  0.334   0.334   0.00  0.000      1.2
fd_normalization               0.40   0.40  0.285   0.349   0.00  0.000      1.3
sql_isolation                  0.00   0.00  0.154   0.154   0.00  0.000      1.3
primary_foreign_keys           0.00   0.00  0.063   0.198   0.00  0.000      1.3
database_schema                0.14   0.43  0.155   0.155   0.00  0.000      1.3
book_authors                   0.00   0.00  0.119   0.198   0.00  0.000      1.3
aries_atomicity                0.00   0.00  0.134   0.149   0.00  0.000      1.5
oltp_vs_analytics              0.00   0.00  0.119   0.222   0.00  0.000      1.3
lossy_decomposition            0.14   0.14  0.284   0.284   0.00  0.000      1.3
------------------------------------------------------------------------------------------------
AGGREGATE                      0.08   0.12  0.183   0.219   0.00  0.000      1.4
================================================================================================
Wrote experiments/phase3/rtx6000/phase3_minilm_retrieval_eval.json
7.26user 3.24system 0:17.46elapsed 60%CPU (0avgtext+0avgdata 1013680maxresident)k
91016inputs+88outputs (140major+306518minor)pagefaults 0swaps
