
============================================================
STARTING EXTRACTION: textbook
Workers: 4 | Chunk Size: 500 pages
Output Directory: /storage/scratch1/1/ssinghal88/TokenSmith/data/experiments/workers_4_chunk_500_rtx6000
============================================================

[Map Phase] Splitting 'textbook.pdf' into 500-page chunks...
[Map Phase] Successfully created 5 chunks.
/storage/home/hcoda1/1/ssinghal88/scratch/.conda/envs/tokensmith/lib/python3.12/site-packages/transformers/utils/hub.py:106: FutureWarning: Using `TRANSFORMERS_CACHE` is deprecated and will be removed in v5 of Transformers. Use `HF_HOME` instead.
  warnings.warn(
/storage/home/hcoda1/1/ssinghal88/scratch/.conda/envs/tokensmith/lib/python3.12/site-packages/transformers/utils/hub.py:106: FutureWarning: Using `TRANSFORMERS_CACHE` is deprecated and will be removed in v5 of Transformers. Use `HF_HOME` instead.
  warnings.warn(
/storage/home/hcoda1/1/ssinghal88/scratch/.conda/envs/tokensmith/lib/python3.12/site-packages/transformers/utils/hub.py:106: FutureWarning: Using `TRANSFORMERS_CACHE` is deprecated and will be removed in v5 of Transformers. Use `HF_HOME` instead.
  warnings.warn(
/storage/home/hcoda1/1/ssinghal88/scratch/.conda/envs/tokensmith/lib/python3.12/site-packages/transformers/utils/hub.py:106: FutureWarning: Using `TRANSFORMERS_CACHE` is deprecated and will be removed in v5 of Transformers. Use `HF_HOME` instead.
  warnings.warn(
[Pages 0-500] Analyzing layout and structure...
[Pages 1500-2000] Analyzing layout and structure...
[Pages 1000-1500] Analyzing layout and structure...
[Pages 500-1000] Analyzing layout and structure...
/storage/home/hcoda1/1/ssinghal88/scratch/.conda/envs/tokensmith/lib/python3.12/site-packages/docling/datamodel/document.py:221: FutureWarning: DoclingParseV2DocumentBackend was removed in docling 2.74.0 and will raise an error in a future release. Use DoclingParseDocumentBackend instead.
  self._backend = backend(self, path_or_stream=path_or_stream)
/storage/home/hcoda1/1/ssinghal88/scratch/.conda/envs/tokensmith/lib/python3.12/site-packages/docling/datamodel/document.py:221: FutureWarning: DoclingParseV2DocumentBackend was removed in docling 2.74.0 and will raise an error in a future release. Use DoclingParseDocumentBackend instead.
  self._backend = backend(self, path_or_stream=path_or_stream)
/storage/home/hcoda1/1/ssinghal88/scratch/.conda/envs/tokensmith/lib/python3.12/site-packages/docling/datamodel/document.py:221: FutureWarning: DoclingParseV2DocumentBackend was removed in docling 2.74.0 and will raise an error in a future release. Use DoclingParseDocumentBackend instead.
  self._backend = backend(self, path_or_stream=path_or_stream)
/storage/home/hcoda1/1/ssinghal88/scratch/.conda/envs/tokensmith/lib/python3.12/site-packages/docling/datamodel/document.py:221: FutureWarning: DoclingParseV2DocumentBackend was removed in docling 2.74.0 and will raise an error in a future release. Use DoclingParseDocumentBackend instead.
  self._backend = backend(self, path_or_stream=path_or_stream)
/storage/home/hcoda1/1/ssinghal88/scratch/.conda/envs/tokensmith/lib/python3.12/site-packages/transformers/models/rt_detr_v2/modeling_rt_detr_v2.py:1728: UserWarning: Specified kernel cache directory could not be created! This disables kernel caching. Specified directory is /storage/scratch1/1/ssinghal88/cache/torch/kernels. This warning will appear only once per process. (Triggered internally at ../aten/src/ATen/native/cuda/jit_utils.cpp:1442.)
  level_start_index = torch.cat((spatial_shapes.new_zeros((1,)), spatial_shapes.prod(1).cumsum(0)[:-1]))
/storage/home/hcoda1/1/ssinghal88/scratch/.conda/envs/tokensmith/lib/python3.12/site-packages/transformers/models/rt_detr_v2/modeling_rt_detr_v2.py:1728: UserWarning: Specified kernel cache directory could not be created! This disables kernel caching. Specified directory is /storage/scratch1/1/ssinghal88/cache/torch/kernels. This warning will appear only once per process. (Triggered internally at ../aten/src/ATen/native/cuda/jit_utils.cpp:1442.)
  level_start_index = torch.cat((spatial_shapes.new_zeros((1,)), spatial_shapes.prod(1).cumsum(0)[:-1]))
/storage/home/hcoda1/1/ssinghal88/scratch/.conda/envs/tokensmith/lib/python3.12/site-packages/transformers/models/rt_detr_v2/modeling_rt_detr_v2.py:1728: UserWarning: Specified kernel cache directory could not be created! This disables kernel caching. Specified directory is /storage/scratch1/1/ssinghal88/cache/torch/kernels. This warning will appear only once per process. (Triggered internally at ../aten/src/ATen/native/cuda/jit_utils.cpp:1442.)
  level_start_index = torch.cat((spatial_shapes.new_zeros((1,)), spatial_shapes.prod(1).cumsum(0)[:-1]))
[Pages 0-500] Layout parsed. Serializing 500 pages to Markdown...
[Pages 0-500] -> Exporting page 1...
[Pages 1000-1500] Layout parsed. Serializing 500 pages to Markdown...
[Pages 1000-1500] -> Exporting page 1001...
[Pages 1500-2000] Layout parsed. Serializing 500 pages to Markdown...
[Pages 1500-2000] -> Exporting page 1501...
[Pages 0-500] -> Exporting page 2...
[Pages 1000-1500] -> Exporting page 1002...
[Pages 0-500] -> Exporting page 3...
[Pages 1500-2000] -> Exporting page 1502...
[Pages 1000-1500] -> Exporting page 1003...
[Pages 0-500] -> Exporting page 4...
[Pages 1000-1500] -> Exporting page 1004...
[Pages 1500-2000] -> Exporting page 1503...
[Pages 0-500] -> Exporting page 5...
[Pages 1000-1500] -> Exporting page 1005...
[Pages 1500-2000] -> Exporting page 1504...
[Pages 0-500] -> Exporting page 6...
[Pages 1000-1500] -> Exporting page 1006...
[Pages 1500-2000] -> Exporting page 1505...
[Pages 0-500] -> Exporting page 7...
[Pages 1000-1500] -> Exporting page 1007...
[Pages 1500-2000] -> Exporting page 1506...
[Pages 0-500] -> Exporting page 8...
[Pages 1000-1500] -> Exporting page 1008...
[Pages 1500-2000] -> Exporting page 1507...
[Pages 1000-1500] -> Exporting page 1009...
[Pages 0-500] -> Exporting page 9...
[Pages 1500-2000] -> Exporting page 1508...
[Pages 1000-1500] -> Exporting page 1010...
[Pages 0-500] -> Exporting page 10...
[Pages 1500-2000] -> Exporting page 1509...
[Pages 1000-1500] -> Exporting page 1011...
[Pages 0-500] -> Exporting page 11...
[Pages 1500-2000] -> Exporting page 1510...
[Pages 1000-1500] -> Exporting page 1012...
[Pages 0-500] -> Exporting page 12...
[Pages 1000-1500] -> Exporting page 1013...
[Pages 1500-2000] -> Exporting page 1511...
[Pages 0-500] -> Exporting page 13...
[Pages 1000-1500] -> Exporting page 1014...
[Pages 1500-2000] -> Exporting page 1512...
[Pages 0-500] -> Exporting page 14...
[Pages 1000-1500] -> Exporting page 1015...
[Pages 1500-2000] -> Exporting page 1513...
[Pages 0-500] -> Exporting page 15...
[Pages 1000-1500] -> Exporting page 1016...
[Pages 1500-2000] -> Exporting page 1514...
[Pages 0-500] -> Exporting page 16...
[Pages 1000-1500] -> Exporting page 1017...
[Pages 1500-2000] -> Exporting page 1515...
[Pages 1000-1500] -> Exporting page 1018...
[Pages 0-500] -> Exporting page 17...
[Pages 1500-2000] -> Exporting page 1516...
[Pages 1000-1500] -> Exporting page 1019...
[Pages 1500-2000] -> Exporting page 1517...
[Pages 0-500] -> Exporting page 18...
[Pages 500-1000] Layout parsed. Serializing 500 pages to Markdown...
[Pages 500-1000] -> Exporting page 501...
[Pages 1000-1500] -> Exporting page 1020...
[Pages 1500-2000] -> Exporting page 1518...
[Pages 0-500] -> Exporting page 19...
[Pages 500-1000] -> Exporting page 502...
[Pages 1000-1500] -> Exporting page 1021...
[Pages 0-500] -> Exporting page 20...
[Pages 500-1000] -> Exporting page 503...
[Pages 1500-2000] -> Exporting page 1519...
[Pages 1000-1500] -> Exporting page 1022...
[Pages 500-1000] -> Exporting page 504...
[Pages 0-500] -> Exporting page 21...
[Pages 1500-2000] -> Exporting page 1520...
[Pages 1000-1500] -> Exporting page 1023...
[Pages 500-1000] -> Exporting page 505...
[Pages 1500-2000] -> Exporting page 1521...
[Pages 0-500] -> Exporting page 22...
[Pages 1000-1500] -> Exporting page 1024...
[Pages 500-1000] -> Exporting page 506...
[Pages 1500-2000] -> Exporting page 1522...
[Pages 0-500] -> Exporting page 23...
[Pages 1000-1500] -> Exporting page 1025...
[Pages 500-1000] -> Exporting page 507...
[Pages 1500-2000] -> Exporting page 1523...
[Pages 500-1000] -> Exporting page 508...
[Pages 1000-1500] -> Exporting page 1026...
[Pages 0-500] -> Exporting page 24...
[Pages 500-1000] -> Exporting page 509...
[Pages 1500-2000] -> Exporting page 1524...
[Pages 1000-1500] -> Exporting page 1027...
[Pages 0-500] -> Exporting page 25...
[Pages 500-1000] -> Exporting page 510...
[Pages 1500-2000] -> Exporting page 1525...
[Pages 1000-1500] -> Exporting page 1028...
[Pages 0-500] -> Exporting page 26...
[Pages 500-1000] -> Exporting page 511...
[Pages 1500-2000] -> Exporting page 1526...
[Pages 1000-1500] -> Exporting page 1029...
[Pages 500-1000] -> Exporting page 512...
[Pages 0-500] -> Exporting page 27...
[Pages 1500-2000] -> Exporting page 1527...
[Pages 1000-1500] -> Exporting page 1030...
[Pages 500-1000] -> Exporting page 513...
[Pages 1500-2000] -> Exporting page 1528...
[Pages 0-500] -> Exporting page 28...
[Pages 500-1000] -> Exporting page 514...
[Pages 1000-1500] -> Exporting page 1031...
[Pages 1500-2000] -> Exporting page 1529...
[Pages 500-1000] -> Exporting page 515...
[Pages 1000-1500] -> Exporting page 1032...
[Pages 1500-2000] -> Exporting page 1530...
[Pages 0-500] -> Exporting page 29...
[Pages 500-1000] -> Exporting page 516...
[Pages 1500-2000] -> Exporting page 1531...
[Pages 1000-1500] -> Exporting page 1033...
[Pages 500-1000] -> Exporting page 517...
[Pages 1500-2000] -> Exporting page 1532...
[Pages 0-500] -> Exporting page 30...
[Pages 1000-1500] -> Exporting page 1034...
[Pages 500-1000] -> Exporting page 518...
[Pages 1500-2000] -> Exporting page 1533...
[Pages 0-500] -> Exporting page 31...
[Pages 500-1000] -> Exporting page 519...
[Pages 1000-1500] -> Exporting page 1035...
[Pages 1500-2000] -> Exporting page 1534...
[Pages 500-1000] -> Exporting page 520...
[Pages 1000-1500] -> Exporting page 1036...
[Pages 0-500] -> Exporting page 32...
[Pages 500-1000] -> Exporting page 521...
[Pages 1500-2000] -> Exporting page 1535...
[Pages 1000-1500] -> Exporting page 1037...
[Pages 0-500] -> Exporting page 33...
[Pages 500-1000] -> Exporting page 522...
[Pages 1500-2000] -> Exporting page 1536...
[Pages 1000-1500] -> Exporting page 1038...
[Pages 500-1000] -> Exporting page 523...
[Pages 0-500] -> Exporting page 34...
[Pages 1500-2000] -> Exporting page 1537...
[Pages 1000-1500] -> Exporting page 1039...
[Pages 500-1000] -> Exporting page 524...
[Pages 1500-2000] -> Exporting page 1538...
[Pages 0-500] -> Exporting page 35...
[Pages 500-1000] -> Exporting page 525...
[Pages 1000-1500] -> Exporting page 1040...
[Pages 1500-2000] -> Exporting page 1539...
[Pages 0-500] -> Exporting page 36...
[Pages 500-1000] -> Exporting page 526...
[Pages 1500-2000] -> Exporting page 1540...
[Pages 1000-1500] -> Exporting page 1041...
[Pages 500-1000] -> Exporting page 527...
[Pages 0-500] -> Exporting page 37...
[Pages 1500-2000] -> Exporting page 1541...
[Pages 1000-1500] -> Exporting page 1042...
[Pages 500-1000] -> Exporting page 528...
[Pages 1500-2000] -> Exporting page 1542...
[Pages 1000-1500] -> Exporting page 1043...
[Pages 0-500] -> Exporting page 38...
[Pages 500-1000] -> Exporting page 529...
[Pages 1500-2000] -> Exporting page 1543...
[Pages 1000-1500] -> Exporting page 1044...
[Pages 500-1000] -> Exporting page 530...
[Pages 1500-2000] -> Exporting page 1544...
[Pages 0-500] -> Exporting page 39...
[Pages 1500-2000] -> Exporting page 1545...
[Pages 500-1000] -> Exporting page 531...
[Pages 1000-1500] -> Exporting page 1045...
[Pages 1500-2000] -> Exporting page 1546...
[Pages 500-1000] -> Exporting page 532...
[Pages 0-500] -> Exporting page 40...
[Pages 1000-1500] -> Exporting page 1046...
[Pages 1500-2000] -> Exporting page 1547...
[Pages 500-1000] -> Exporting page 533...
[Pages 1000-1500] -> Exporting page 1047...
[Pages 0-500] -> Exporting page 41...
[Pages 1500-2000] -> Exporting page 1548...
[Pages 1500-2000] -> Exporting page 1549...
[Pages 1000-1500] -> Exporting page 1048...
[Pages 0-500] -> Exporting page 42...
[Pages 500-1000] -> Exporting page 534...
[Pages 1500-2000] -> Exporting page 1550...
[Pages 1000-1500] -> Exporting page 1049...
[Pages 0-500] -> Exporting page 43...
[Pages 1500-2000] -> Exporting page 1551...
[Pages 500-1000] -> Exporting page 535...
[Pages 1000-1500] -> Exporting page 1050...
[Pages 1500-2000] -> Exporting page 1552...
[Pages 0-500] -> Exporting page 44...
[Pages 500-1000] -> Exporting page 536...
[Pages 1500-2000] -> Exporting page 1553...
[Pages 1000-1500] -> Exporting page 1051...
[Pages 0-500] -> Exporting page 45...
[Pages 500-1000] -> Exporting page 537...
[Pages 1500-2000] -> Exporting page 1554...
[Pages 1000-1500] -> Exporting page 1052...
[Pages 1500-2000] -> Exporting page 1555...
[Pages 500-1000] -> Exporting page 538...
[Pages 0-500] -> Exporting page 46...
[Pages 1000-1500] -> Exporting page 1053...
[Pages 1500-2000] -> Exporting page 1556...
[Pages 500-1000] -> Exporting page 539...
[Pages 0-500] -> Exporting page 47...
[Pages 1500-2000] -> Exporting page 1557...
[Pages 1000-1500] -> Exporting page 1054...
[Pages 500-1000] -> Exporting page 540...
[Pages 1500-2000] -> Exporting page 1558...
[Pages 0-500] -> Exporting page 48...
[Pages 1000-1500] -> Exporting page 1055...
[Pages 500-1000] -> Exporting page 541...
[Pages 1500-2000] -> Exporting page 1559...
[Pages 0-500] -> Exporting page 49...
[Pages 1000-1500] -> Exporting page 1056...
[Pages 1500-2000] -> Exporting page 1560...
[Pages 500-1000] -> Exporting page 542...
[Pages 1000-1500] -> Exporting page 1057...
[Pages 1500-2000] -> Exporting page 1561...
[Pages 0-500] -> Exporting page 50...
[Pages 500-1000] -> Exporting page 543...
[Pages 1500-2000] -> Exporting page 1562...
[Pages 1000-1500] -> Exporting page 1058...
[Pages 0-500] -> Exporting page 51...
[Pages 500-1000] -> Exporting page 544...
[Pages 1500-2000] -> Exporting page 1563...
[Pages 1000-1500] -> Exporting page 1059...
[Pages 0-500] -> Exporting page 52...
[Pages 1500-2000] -> Exporting page 1564...
[Pages 500-1000] -> Exporting page 545...
[Pages 1000-1500] -> Exporting page 1060...
[Pages 1500-2000] -> Exporting page 1565...
[Pages 0-500] -> Exporting page 53...
[Pages 500-1000] -> Exporting page 546...
[Pages 1500-2000] -> Exporting page 1566...
[Pages 1000-1500] -> Exporting page 1061...
[Pages 0-500] -> Exporting page 54...
[Pages 500-1000] -> Exporting page 547...
[Pages 1500-2000] -> Exporting page 1567...
[Pages 1000-1500] -> Exporting page 1062...
[Pages 1500-2000] -> Exporting page 1568...
[Pages 500-1000] -> Exporting page 548...
[Pages 0-500] -> Exporting page 55...
[Pages 1000-1500] -> Exporting page 1063...
[Pages 1500-2000] -> Exporting page 1569...
[Pages 500-1000] -> Exporting page 549...
[Pages 1500-2000] -> Exporting page 1570...
[Pages 1000-1500] -> Exporting page 1064...
[Pages 500-1000] -> Exporting page 550...
[Pages 0-500] -> Exporting page 56...
[Pages 1500-2000] -> Exporting page 1571...
[Pages 500-1000] -> Exporting page 551...
[Pages 1000-1500] -> Exporting page 1065...
[Pages 1500-2000] -> Exporting page 1572...
[Pages 0-500] -> Exporting page 57...
[Pages 500-1000] -> Exporting page 552...
[Pages 1000-1500] -> Exporting page 1066...
[Pages 1500-2000] -> Exporting page 1573...
[Pages 500-1000] -> Exporting page 553...
[Pages 0-500] -> Exporting page 58...
[Pages 1500-2000] -> Exporting page 1574...
[Pages 1000-1500] -> Exporting page 1067...
[Pages 500-1000] -> Exporting page 554...
[Pages 1500-2000] -> Exporting page 1575...
[Pages 1000-1500] -> Exporting page 1068...
[Pages 0-500] -> Exporting page 59...
[Pages 500-1000] -> Exporting page 555...
[Pages 1500-2000] -> Exporting page 1576...
[Pages 1000-1500] -> Exporting page 1069...
[Pages 500-1000] -> Exporting page 556...
[Pages 1500-2000] -> Exporting page 1577...
[Pages 0-500] -> Exporting page 60...
[Pages 1500-2000] -> Exporting page 1578...
[Pages 500-1000] -> Exporting page 557...
[Pages 1000-1500] -> Exporting page 1070...
[Pages 1500-2000] -> Exporting page 1579...
[Pages 500-1000] -> Exporting page 558...
[Pages 0-500] -> Exporting page 61...
[Pages 1000-1500] -> Exporting page 1071...
[Pages 1500-2000] -> Exporting page 1580...
[Pages 500-1000] -> Exporting page 559...
[Pages 0-500] -> Exporting page 62...
[Pages 1500-2000] -> Exporting page 1581...
[Pages 1000-1500] -> Exporting page 1072...
[Pages 500-1000] -> Exporting page 560...
[Pages 1500-2000] -> Exporting page 1582...
[Pages 0-500] -> Exporting page 63...
[Pages 500-1000] -> Exporting page 561...
[Pages 1000-1500] -> Exporting page 1073...
[Pages 1500-2000] -> Exporting page 1583...
[Pages 500-1000] -> Exporting page 562...
[Pages 1000-1500] -> Exporting page 1074...
[Pages 0-500] -> Exporting page 64...
[Pages 1500-2000] -> Exporting page 1584...
[Pages 500-1000] -> Exporting page 563...
[Pages 1500-2000] -> Exporting page 1585...
[Pages 1000-1500] -> Exporting page 1075...
[Pages 500-1000] -> Exporting page 564...
[Pages 0-500] -> Exporting page 65...
[Pages 1500-2000] -> Exporting page 1586...
[Pages 1000-1500] -> Exporting page 1076...
[Pages 500-1000] -> Exporting page 565...
[Pages 1500-2000] -> Exporting page 1587...
[Pages 500-1000] -> Exporting page 566...
[Pages 1000-1500] -> Exporting page 1077...
[Pages 0-500] -> Exporting page 66...
[Pages 1500-2000] -> Exporting page 1588...
[Pages 500-1000] -> Exporting page 567...
[Pages 1500-2000] -> Exporting page 1589...
[Pages 1000-1500] -> Exporting page 1078...
[Pages 0-500] -> Exporting page 67...
[Pages 500-1000] -> Exporting page 568...
[Pages 1500-2000] -> Exporting page 1590...
[Pages 1000-1500] -> Exporting page 1079...
[Pages 500-1000] -> Exporting page 569...
[Pages 1500-2000] -> Exporting page 1591...
[Pages 1000-1500] -> Exporting page 1080...
[Pages 500-1000] -> Exporting page 570...
[Pages 1500-2000] -> Exporting page 1592...
[Pages 0-500] -> Exporting page 68...
[Pages 1500-2000] -> Exporting page 1593...
[Pages 500-1000] -> Exporting page 571...
[Pages 1000-1500] -> Exporting page 1081...
[Pages 1500-2000] -> Exporting page 1594...
[Pages 500-1000] -> Exporting page 572...
[Pages 1000-1500] -> Exporting page 1082...
[Pages 0-500] -> Exporting page 69...
[Pages 1500-2000] -> Exporting page 1595...
[Pages 500-1000] -> Exporting page 573...
[Pages 1000-1500] -> Exporting page 1083...
[Pages 1500-2000] -> Exporting page 1596...
[Pages 500-1000] -> Exporting page 574...
[Pages 0-500] -> Exporting page 70...
[Pages 1500-2000] -> Exporting page 1597...
[Pages 1000-1500] -> Exporting page 1084...
[Pages 500-1000] -> Exporting page 575...
[Pages 1500-2000] -> Exporting page 1598...
[Pages 0-500] -> Exporting page 71...
[Pages 1000-1500] -> Exporting page 1085...
[Pages 500-1000] -> Exporting page 576...
[Pages 1500-2000] -> Exporting page 1599...
[Pages 500-1000] -> Exporting page 577...
[Pages 1000-1500] -> Exporting page 1086...
[Pages 0-500] -> Exporting page 72...
[Pages 1500-2000] -> Exporting page 1600...
[Pages 500-1000] -> Exporting page 578...
[Pages 1500-2000] -> Exporting page 1601...
[Pages 1000-1500] -> Exporting page 1087...
[Pages 500-1000] -> Exporting page 579...
[Pages 0-500] -> Exporting page 73...
[Pages 1500-2000] -> Exporting page 1602...
[Pages 1000-1500] -> Exporting page 1088...
[Pages 500-1000] -> Exporting page 580...
[Pages 1500-2000] -> Exporting page 1603...
[Pages 0-500] -> Exporting page 74...
[Pages 1000-1500] -> Exporting page 1089...
[Pages 500-1000] -> Exporting page 581...
[Pages 1500-2000] -> Exporting page 1604...
[Pages 500-1000] -> Exporting page 582...
[Pages 1000-1500] -> Exporting page 1090...
[Pages 1500-2000] -> Exporting page 1605...
[Pages 0-500] -> Exporting page 75...
[Pages 500-1000] -> Exporting page 583...
[Pages 1500-2000] -> Exporting page 1606...
[Pages 1000-1500] -> Exporting page 1091...
[Pages 500-1000] -> Exporting page 584...
[Pages 1500-2000] -> Exporting page 1607...
[Pages 1000-1500] -> Exporting page 1092...
[Pages 500-1000] -> Exporting page 585...
[Pages 0-500] -> Exporting page 76...
[Pages 1500-2000] -> Exporting page 1608...
[Pages 1000-1500] -> Exporting page 1093...
[Pages 1500-2000] -> Exporting page 1609...
[Pages 500-1000] -> Exporting page 586...
[Pages 1500-2000] -> Exporting page 1610...
[Pages 1000-1500] -> Exporting page 1094...
[Pages 500-1000] -> Exporting page 587...
[Pages 0-500] -> Exporting page 77...
[Pages 1500-2000] -> Exporting page 1611...
[Pages 500-1000] -> Exporting page 588...
[Pages 1000-1500] -> Exporting page 1095...
[Pages 1500-2000] -> Exporting page 1612...
[Pages 500-1000] -> Exporting page 589...
[Pages 0-500] -> Exporting page 78...
[Pages 1000-1500] -> Exporting page 1096...
[Pages 1500-2000] -> Exporting page 1613...
[Pages 500-1000] -> Exporting page 590...
[Pages 1000-1500] -> Exporting page 1097...
[Pages 1500-2000] -> Exporting page 1614...
[Pages 500-1000] -> Exporting page 591...
[Pages 0-500] -> Exporting page 79...
[Pages 1500-2000] -> Exporting page 1615...
[Pages 1000-1500] -> Exporting page 1098...
[Pages 500-1000] -> Exporting page 592...
[Pages 1500-2000] -> Exporting page 1616...
[Pages 500-1000] -> Exporting page 593...
[Pages 0-500] -> Exporting page 80...
[Pages 1000-1500] -> Exporting page 1099...
[Pages 1500-2000] -> Exporting page 1617...
[Pages 500-1000] -> Exporting page 594...
[Pages 1000-1500] -> Exporting page 1100...
[Pages 1500-2000] -> Exporting page 1618...
[Pages 0-500] -> Exporting page 81...
[Pages 500-1000] -> Exporting page 595...
[Pages 1500-2000] -> Exporting page 1619...
[Pages 1000-1500] -> Exporting page 1101...
[Pages 500-1000] -> Exporting page 596...
[Pages 1500-2000] -> Exporting page 1620...
[Pages 0-500] -> Exporting page 82...
[Pages 1000-1500] -> Exporting page 1102...
[Pages 1500-2000] -> Exporting page 1621...
[Pages 500-1000] -> Exporting page 597...
[Pages 0-500] -> Exporting page 83...
[Pages 1500-2000] -> Exporting page 1622...
[Pages 1000-1500] -> Exporting page 1103...
[Pages 500-1000] -> Exporting page 598...
[Pages 1500-2000] -> Exporting page 1623...
[Pages 500-1000] -> Exporting page 599...
[Pages 1000-1500] -> Exporting page 1104...
[Pages 0-500] -> Exporting page 84...
[Pages 1500-2000] -> Exporting page 1624...
[Pages 500-1000] -> Exporting page 600...
[Pages 1000-1500] -> Exporting page 1105...
[Pages 1500-2000] -> Exporting page 1625...
[Pages 500-1000] -> Exporting page 601...
[Pages 0-500] -> Exporting page 85...
[Pages 1500-2000] -> Exporting page 1626...[Pages 1000-1500] -> Exporting page 1106...

[Pages 500-1000] -> Exporting page 602...
[Pages 1500-2000] -> Exporting page 1627...
[Pages 0-500] -> Exporting page 86...
[Pages 1000-1500] -> Exporting page 1107...
[Pages 500-1000] -> Exporting page 603...
[Pages 1500-2000] -> Exporting page 1628...
[Pages 500-1000] -> Exporting page 604...
[Pages 1000-1500] -> Exporting page 1108...
[Pages 1500-2000] -> Exporting page 1629...
[Pages 0-500] -> Exporting page 87...
[Pages 500-1000] -> Exporting page 605...
[Pages 1500-2000] -> Exporting page 1630...
[Pages 1000-1500] -> Exporting page 1109...
[Pages 500-1000] -> Exporting page 606...
[Pages 1500-2000] -> Exporting page 1631...
[Pages 0-500] -> Exporting page 88...
[Pages 1000-1500] -> Exporting page 1110...
[Pages 1500-2000] -> Exporting page 1632...
[Pages 500-1000] -> Exporting page 607...
[Pages 1000-1500] -> Exporting page 1111...
[Pages 1500-2000] -> Exporting page 1633...
[Pages 0-500] -> Exporting page 89...
[Pages 500-1000] -> Exporting page 608...
[Pages 1500-2000] -> Exporting page 1634...
[Pages 1000-1500] -> Exporting page 1112...
[Pages 500-1000] -> Exporting page 609...
[Pages 0-500] -> Exporting page 90...
[Pages 500-1000] -> Exporting page 610...
[Pages 1000-1500] -> Exporting page 1113...
[Pages 1500-2000] -> Exporting page 1635...
[Pages 500-1000] -> Exporting page 611...
[Pages 0-500] -> Exporting page 91...
[Pages 1000-1500] -> Exporting page 1114...
[Pages 1500-2000] -> Exporting page 1636...
[Pages 500-1000] -> Exporting page 612...
[Pages 1500-2000] -> Exporting page 1637...
[Pages 1000-1500] -> Exporting page 1115...
[Pages 500-1000] -> Exporting page 613...
[Pages 1500-2000] -> Exporting page 1638...
[Pages 1000-1500] -> Exporting page 1116...
[Pages 500-1000] -> Exporting page 614...
[Pages 1500-2000] -> Exporting page 1639...
[Pages 0-500] -> Exporting page 92...
[Pages 1000-1500] -> Exporting page 1117...
[Pages 500-1000] -> Exporting page 615...
[Pages 1500-2000] -> Exporting page 1640...
[Pages 1500-2000] -> Exporting page 1641...
[Pages 0-500] -> Exporting page 93...
[Pages 500-1000] -> Exporting page 616...
[Pages 1000-1500] -> Exporting page 1118...
[Pages 1500-2000] -> Exporting page 1642...
[Pages 500-1000] -> Exporting page 617...
[Pages 1000-1500] -> Exporting page 1119...
[Pages 0-500] -> Exporting page 94...
[Pages 1500-2000] -> Exporting page 1643...
[Pages 500-1000] -> Exporting page 618...
[Pages 1500-2000] -> Exporting page 1644...
[Pages 1000-1500] -> Exporting page 1120...
[Pages 500-1000] -> Exporting page 619...
[Pages 0-500] -> Exporting page 95...
[Pages 1500-2000] -> Exporting page 1645...
[Pages 500-1000] -> Exporting page 620...
[Pages 1000-1500] -> Exporting page 1121...
[Pages 1500-2000] -> Exporting page 1646...
[Pages 0-500] -> Exporting page 96...
[Pages 500-1000] -> Exporting page 621...
[Pages 1000-1500] -> Exporting page 1122...
[Pages 1500-2000] -> Exporting page 1647...
[Pages 500-1000] -> Exporting page 622...
[Pages 1500-2000] -> Exporting page 1648...
[Pages 1000-1500] -> Exporting page 1123...
[Pages 0-500] -> Exporting page 97...
[Pages 500-1000] -> Exporting page 623...
[Pages 1500-2000] -> Exporting page 1649...
[Pages 1000-1500] -> Exporting page 1124...
[Pages 500-1000] -> Exporting page 624...
[Pages 0-500] -> Exporting page 98...
[Pages 1500-2000] -> Exporting page 1650...
[Pages 1000-1500] -> Exporting page 1125...
[Pages 500-1000] -> Exporting page 625...
[Pages 1500-2000] -> Exporting page 1651...
[Pages 0-500] -> Exporting page 99...
[Pages 500-1000] -> Exporting page 626...
[Pages 1000-1500] -> Exporting page 1126...
[Pages 1500-2000] -> Exporting page 1652...
[Pages 1500-2000] -> Exporting page 1653...
[Pages 500-1000] -> Exporting page 627...
[Pages 1000-1500] -> Exporting page 1127...
[Pages 0-500] -> Exporting page 100...
[Pages 1500-2000] -> Exporting page 1654...
[Pages 500-1000] -> Exporting page 628...
[Pages 1000-1500] -> Exporting page 1128...
[Pages 1500-2000] -> Exporting page 1655...
[Pages 0-500] -> Exporting page 101...
[Pages 500-1000] -> Exporting page 629...
[Pages 1000-1500] -> Exporting page 1129...
[Pages 1500-2000] -> Exporting page 1656...
[Pages 500-1000] -> Exporting page 630...
[Pages 0-500] -> Exporting page 102...
[Pages 1500-2000] -> Exporting page 1657...
[Pages 1000-1500] -> Exporting page 1130...
[Pages 500-1000] -> Exporting page 631...
[Pages 1500-2000] -> Exporting page 1658...
[Pages 500-1000] -> Exporting page 632...
[Pages 1000-1500] -> Exporting page 1131...
[Pages 0-500] -> Exporting page 103...
[Pages 1500-2000] -> Exporting page 1659...
[Pages 500-1000] -> Exporting page 633...
[Pages 1000-1500] -> Exporting page 1132...
[Pages 1500-2000] -> Exporting page 1660...
[Pages 0-500] -> Exporting page 104...
[Pages 500-1000] -> Exporting page 634...
[Pages 1500-2000] -> Exporting page 1661...
[Pages 1000-1500] -> Exporting page 1133...
[Pages 500-1000] -> Exporting page 635...
[Pages 1500-2000] -> Exporting page 1662...
[Pages 0-500] -> Exporting page 105...
[Pages 1000-1500] -> Exporting page 1134...
[Pages 500-1000] -> Exporting page 636...
[Pages 1500-2000] -> Exporting page 1663...
[Pages 500-1000] -> Exporting page 637...
[Pages 1000-1500] -> Exporting page 1135...
[Pages 0-500] -> Exporting page 106...[Pages 1500-2000] -> Exporting page 1664...

[Pages 500-1000] -> Exporting page 638...
[Pages 1500-2000] -> Exporting page 1665...
[Pages 1000-1500] -> Exporting page 1136...
[Pages 0-500] -> Exporting page 107...
[Pages 500-1000] -> Exporting page 639...
[Pages 1500-2000] -> Exporting page 1666...
[Pages 1000-1500] -> Exporting page 1137...
[Pages 500-1000] -> Exporting page 640...
[Pages 1500-2000] -> Exporting page 1667...
[Pages 1000-1500] -> Exporting page 1138...
[Pages 0-500] -> Exporting page 108...
[Pages 500-1000] -> Exporting page 641...
[Pages 1500-2000] -> Exporting page 1668...
[Pages 1000-1500] -> Exporting page 1139...
[Pages 500-1000] -> Exporting page 642...
[Pages 1500-2000] -> Exporting page 1669...
[Pages 0-500] -> Exporting page 109...
[Pages 1500-2000] -> Exporting page 1670...
[Pages 500-1000] -> Exporting page 643...
[Pages 1000-1500] -> Exporting page 1140...
[Pages 1500-2000] -> Exporting page 1671...
[Pages 500-1000] -> Exporting page 644...
[Pages 1000-1500] -> Exporting page 1141...
[Pages 0-500] -> Exporting page 110...
[Pages 1500-2000] -> Exporting page 1672...
[Pages 500-1000] -> Exporting page 645...
[Pages 1000-1500] -> Exporting page 1142...
[Pages 1500-2000] -> Exporting page 1673...
[Pages 500-1000] -> Exporting page 646...
[Pages 0-500] -> Exporting page 111...
[Pages 1500-2000] -> Exporting page 1674...
[Pages 1000-1500] -> Exporting page 1143...
[Pages 500-1000] -> Exporting page 647...
[Pages 1500-2000] -> Exporting page 1675...
[Pages 500-1000] -> Exporting page 648...
[Pages 1000-1500] -> Exporting page 1144...
[Pages 0-500] -> Exporting page 112...
[Pages 1500-2000] -> Exporting page 1676...
[Pages 500-1000] -> Exporting page 649...
[Pages 1000-1500] -> Exporting page 1145...
[Pages 1500-2000] -> Exporting page 1677...
[Pages 0-500] -> Exporting page 113...
[Pages 500-1000] -> Exporting page 650...
[Pages 1000-1500] -> Exporting page 1146...
[Pages 1500-2000] -> Exporting page 1678...
[Pages 500-1000] -> Exporting page 651...
[Pages 0-500] -> Exporting page 114...
[Pages 1500-2000] -> Exporting page 1679...
[Pages 1000-1500] -> Exporting page 1147...
[Pages 500-1000] -> Exporting page 652...
[Pages 1500-2000] -> Exporting page 1680...
[Pages 1000-1500] -> Exporting page 1148...
[Pages 0-500] -> Exporting page 115...
[Pages 500-1000] -> Exporting page 653...
[Pages 1500-2000] -> Exporting page 1681...
[Pages 500-1000] -> Exporting page 654...
[Pages 1000-1500] -> Exporting page 1149...
[Pages 1500-2000] -> Exporting page 1682...
[Pages 0-500] -> Exporting page 116...
[Pages 500-1000] -> Exporting page 655...
[Pages 1500-2000] -> Exporting page 1683...
[Pages 1000-1500] -> Exporting page 1150...
[Pages 500-1000] -> Exporting page 656...
[Pages 1500-2000] -> Exporting page 1684...
[Pages 0-500] -> Exporting page 117...
[Pages 1000-1500] -> Exporting page 1151...
[Pages 500-1000] -> Exporting page 657...
[Pages 1500-2000] -> Exporting page 1685...
[Pages 1000-1500] -> Exporting page 1152...
[Pages 0-500] -> Exporting page 118...
[Pages 500-1000] -> Exporting page 658...
[Pages 1500-2000] -> Exporting page 1686...
[Pages 1000-1500] -> Exporting page 1153...
[Pages 500-1000] -> Exporting page 659...
[Pages 1500-2000] -> Exporting page 1687...
[Pages 0-500] -> Exporting page 119...
[Pages 1500-2000] -> Exporting page 1688...
[Pages 500-1000] -> Exporting page 660...
[Pages 1000-1500] -> Exporting page 1154...
[Pages 1500-2000] -> Exporting page 1689...
[Pages 500-1000] -> Exporting page 661...
[Pages 0-500] -> Exporting page 120...
[Pages 1000-1500] -> Exporting page 1155...
[Pages 1500-2000] -> Exporting page 1690...
[Pages 500-1000] -> Exporting page 662...
[Pages 1000-1500] -> Exporting page 1156...
[Pages 1500-2000] -> Exporting page 1691...
[Pages 0-500] -> Exporting page 121...
[Pages 500-1000] -> Exporting page 663...
[Pages 1500-2000] -> Exporting page 1692...
[Pages 1000-1500] -> Exporting page 1157...
[Pages 500-1000] -> Exporting page 664...
[Pages 1500-2000] -> Exporting page 1693...
[Pages 500-1000] -> Exporting page 665...
[Pages 0-500] -> Exporting page 122...
[Pages 1000-1500] -> Exporting page 1158...
[Pages 1500-2000] -> Exporting page 1694...
[Pages 500-1000] -> Exporting page 666...
[Pages 1000-1500] -> Exporting page 1159...
[Pages 1500-2000] -> Exporting page 1695...
[Pages 0-500] -> Exporting page 123...
[Pages 500-1000] -> Exporting page 667...
[Pages 1500-2000] -> Exporting page 1696...
[Pages 1000-1500] -> Exporting page 1160...
[Pages 500-1000] -> Exporting page 668...
[Pages 0-500] -> Exporting page 124...
[Pages 1500-2000] -> Exporting page 1697...
[Pages 1000-1500] -> Exporting page 1161...
[Pages 500-1000] -> Exporting page 669...
[Pages 1500-2000] -> Exporting page 1698...
[Pages 500-1000] -> Exporting page 670...
[Pages 0-500] -> Exporting page 125...
[Pages 1000-1500] -> Exporting page 1162...
[Pages 1500-2000] -> Exporting page 1699...
[Pages 500-1000] -> Exporting page 671...
[Pages 1500-2000] -> Exporting page 1700...
[Pages 1000-1500] -> Exporting page 1163...
[Pages 0-500] -> Exporting page 126...
[Pages 500-1000] -> Exporting page 672...
[Pages 1500-2000] -> Exporting page 1701...
[Pages 1000-1500] -> Exporting page 1164...
[Pages 500-1000] -> Exporting page 673...
[Pages 1500-2000] -> Exporting page 1702...
[Pages 0-500] -> Exporting page 127...
[Pages 1000-1500] -> Exporting page 1165...
[Pages 500-1000] -> Exporting page 674...
[Pages 1500-2000] -> Exporting page 1703...
[Pages 1500-2000] -> Exporting page 1704...
[Pages 1000-1500] -> Exporting page 1166...
[Pages 500-1000] -> Exporting page 675...
[Pages 0-500] -> Exporting page 128...
[Pages 1500-2000] -> Exporting page 1705...
[Pages 500-1000] -> Exporting page 676...
[Pages 1000-1500] -> Exporting page 1167...
[Pages 0-500] -> Exporting page 129...
[Pages 1500-2000] -> Exporting page 1706...
[Pages 500-1000] -> Exporting page 677...
[Pages 1000-1500] -> Exporting page 1168...
[Pages 1500-2000] -> Exporting page 1707...
[Pages 500-1000] -> Exporting page 678...
[Pages 0-500] -> Exporting page 130...
[Pages 1000-1500] -> Exporting page 1169...
[Pages 1500-2000] -> Exporting page 1708...
[Pages 500-1000] -> Exporting page 679...
[Pages 1500-2000] -> Exporting page 1709...
[Pages 1000-1500] -> Exporting page 1170...
[Pages 0-500] -> Exporting page 131...
[Pages 500-1000] -> Exporting page 680...
[Pages 1500-2000] -> Exporting page 1710...
[Pages 500-1000] -> Exporting page 681...
[Pages 1000-1500] -> Exporting page 1171...
[Pages 1500-2000] -> Exporting page 1711...
[Pages 0-500] -> Exporting page 132...
[Pages 500-1000] -> Exporting page 682...
[Pages 1000-1500] -> Exporting page 1172...
[Pages 1500-2000] -> Exporting page 1712...
[Pages 500-1000] -> Exporting page 683...
[Pages 1500-2000] -> Exporting page 1713...
[Pages 0-500] -> Exporting page 133...
[Pages 1000-1500] -> Exporting page 1173...
[Pages 500-1000] -> Exporting page 684...
[Pages 1500-2000] -> Exporting page 1714...
[Pages 1000-1500] -> Exporting page 1174...
[Pages 500-1000] -> Exporting page 685...
[Pages 1500-2000] -> Exporting page 1715...
[Pages 0-500] -> Exporting page 134...
[Pages 500-1000] -> Exporting page 686...
[Pages 1000-1500] -> Exporting page 1175...
[Pages 1500-2000] -> Exporting page 1716...
[Pages 500-1000] -> Exporting page 687...
[Pages 1500-2000] -> Exporting page 1717...
[Pages 1000-1500] -> Exporting page 1176...
[Pages 0-500] -> Exporting page 135...
[Pages 500-1000] -> Exporting page 688...
[Pages 1500-2000] -> Exporting page 1718...
[Pages 1000-1500] -> Exporting page 1177...
[Pages 0-500] -> Exporting page 136...
[Pages 500-1000] -> Exporting page 689...
[Pages 1500-2000] -> Exporting page 1719...
[Pages 1000-1500] -> Exporting page 1178...
[Pages 1500-2000] -> Exporting page 1720...
[Pages 500-1000] -> Exporting page 690...
[Pages 0-500] -> Exporting page 137...
[Pages 1500-2000] -> Exporting page 1721...
[Pages 1000-1500] -> Exporting page 1179...
[Pages 500-1000] -> Exporting page 691...
[Pages 1500-2000] -> Exporting page 1722...
[Pages 0-500] -> Exporting page 138...
[Pages 500-1000] -> Exporting page 692...
[Pages 1000-1500] -> Exporting page 1180...
[Pages 1500-2000] -> Exporting page 1723...
[Pages 500-1000] -> Exporting page 693...
[Pages 1000-1500] -> Exporting page 1181...
[Pages 0-500] -> Exporting page 139...
[Pages 1500-2000] -> Exporting page 1724...
[Pages 500-1000] -> Exporting page 694...
[Pages 1500-2000] -> Exporting page 1725...
[Pages 1000-1500] -> Exporting page 1182...
[Pages 500-1000] -> Exporting page 695...
[Pages 0-500] -> Exporting page 140...
[Pages 1500-2000] -> Exporting page 1726...
[Pages 1000-1500] -> Exporting page 1183...
[Pages 500-1000] -> Exporting page 696...
[Pages 1500-2000] -> Exporting page 1727...
[Pages 0-500] -> Exporting page 141...
[Pages 500-1000] -> Exporting page 697...
[Pages 1000-1500] -> Exporting page 1184...
[Pages 1500-2000] -> Exporting page 1728...
[Pages 500-1000] -> Exporting page 698...
[Pages 1000-1500] -> Exporting page 1185...
[Pages 1500-2000] -> Exporting page 1729...
[Pages 0-500] -> Exporting page 142...
[Pages 500-1000] -> Exporting page 699...
[Pages 1500-2000] -> Exporting page 1730...
[Pages 1000-1500] -> Exporting page 1186...
[Pages 500-1000] -> Exporting page 700...
[Pages 1500-2000] -> Exporting page 1731...
[Pages 0-500] -> Exporting page 143...
[Pages 1000-1500] -> Exporting page 1187...
[Pages 500-1000] -> Exporting page 701...
[Pages 1500-2000] -> Exporting page 1732...
[Pages 1000-1500] -> Exporting page 1188...
[Pages 500-1000] -> Exporting page 702...
[Pages 1500-2000] -> Exporting page 1733...
[Pages 0-500] -> Exporting page 144...
[Pages 1500-2000] -> Exporting page 1734...
[Pages 500-1000] -> Exporting page 703...
[Pages 1000-1500] -> Exporting page 1189...
[Pages 0-500] -> Exporting page 145...
[Pages 1500-2000] -> Exporting page 1735...
[Pages 500-1000] -> Exporting page 704...
[Pages 1000-1500] -> Exporting page 1190...
[Pages 1500-2000] -> Exporting page 1736...
[Pages 500-1000] -> Exporting page 705...
[Pages 1000-1500] -> Exporting page 1191...
[Pages 0-500] -> Exporting page 146...
[Pages 1500-2000] -> Exporting page 1737...
[Pages 500-1000] -> Exporting page 706...
[Pages 1500-2000] -> Exporting page 1738...
[Pages 1000-1500] -> Exporting page 1192...
[Pages 500-1000] -> Exporting page 707...
[Pages 1500-2000] -> Exporting page 1739...
[Pages 0-500] -> Exporting page 147...
[Pages 1000-1500] -> Exporting page 1193...
[Pages 500-1000] -> Exporting page 708...
[Pages 1500-2000] -> Exporting page 1740...
[Pages 500-1000] -> Exporting page 709...
[Pages 1000-1500] -> Exporting page 1194...
[Pages 0-500] -> Exporting page 148...
[Pages 1500-2000] -> Exporting page 1741...
[Pages 500-1000] -> Exporting page 710...
[Pages 1000-1500] -> Exporting page 1195...
[Pages 1500-2000] -> Exporting page 1742...
[Pages 0-500] -> Exporting page 149...
[Pages 500-1000] -> Exporting page 711...
[Pages 1500-2000] -> Exporting page 1743...
[Pages 1000-1500] -> Exporting page 1196...
[Pages 500-1000] -> Exporting page 712...
[Pages 1500-2000] -> Exporting page 1744...
[Pages 0-500] -> Exporting page 150...
[Pages 1000-1500] -> Exporting page 1197...
[Pages 500-1000] -> Exporting page 713...
[Pages 1500-2000] -> Exporting page 1745...
[Pages 500-1000] -> Exporting page 714...
[Pages 1000-1500] -> Exporting page 1198...
[Pages 0-500] -> Exporting page 151...
[Pages 1500-2000] -> Exporting page 1746...
[Pages 500-1000] -> Exporting page 715...
[Pages 1500-2000] -> Exporting page 1747...
[Pages 1000-1500] -> Exporting page 1199...
[Pages 0-500] -> Exporting page 152...
[Pages 1500-2000] -> Exporting page 1748...
[Pages 500-1000] -> Exporting page 716...
[Pages 1000-1500] -> Exporting page 1200...
[Pages 1500-2000] -> Exporting page 1749...
[Pages 500-1000] -> Exporting page 717...
[Pages 0-500] -> Exporting page 153...
[Pages 1000-1500] -> Exporting page 1201...
[Pages 1500-2000] -> Exporting page 1750...
[Pages 500-1000] -> Exporting page 718...
[Pages 1500-2000] -> Exporting page 1751...
[Pages 1000-1500] -> Exporting page 1202...
[Pages 500-1000] -> Exporting page 719...
[Pages 0-500] -> Exporting page 154...
[Pages 1500-2000] -> Exporting page 1752...
[Pages 500-1000] -> Exporting page 720...
[Pages 1000-1500] -> Exporting page 1203...
[Pages 0-500] -> Exporting page 155...
[Pages 1500-2000] -> Exporting page 1753...
[Pages 500-1000] -> Exporting page 721...
[Pages 1000-1500] -> Exporting page 1204...
[Pages 1500-2000] -> Exporting page 1754...
[Pages 500-1000] -> Exporting page 722...
[Pages 1000-1500] -> Exporting page 1205...
[Pages 0-500] -> Exporting page 156...
[Pages 500-1000] -> Exporting page 723...
[Pages 1500-2000] -> Exporting page 1755...
[Pages 1000-1500] -> Exporting page 1206...
[Pages 1500-2000] -> Exporting page 1756...
[Pages 500-1000] -> Exporting page 724...
[Pages 0-500] -> Exporting page 157...
[Pages 1000-1500] -> Exporting page 1207...
[Pages 1500-2000] -> Exporting page 1757...
[Pages 500-1000] -> Exporting page 725...
[Pages 1500-2000] -> Exporting page 1758...
[Pages 1000-1500] -> Exporting page 1208...
[Pages 500-1000] -> Exporting page 726...
[Pages 0-500] -> Exporting page 158...
[Pages 1500-2000] -> Exporting page 1759...
[Pages 500-1000] -> Exporting page 727...
[Pages 1000-1500] -> Exporting page 1209...
[Pages 1500-2000] -> Exporting page 1760...
[Pages 0-500] -> Exporting page 159...
[Pages 500-1000] -> Exporting page 728...
[Pages 1000-1500] -> Exporting page 1210...
[Pages 1500-2000] -> Exporting page 1761...
[Pages 500-1000] -> Exporting page 729...
[Pages 0-500] -> Exporting page 160...
[Pages 1500-2000] -> Exporting page 1762...
[Pages 1000-1500] -> Exporting page 1211...
[Pages 500-1000] -> Exporting page 730...
[Pages 1500-2000] -> Exporting page 1763...
[Pages 500-1000] -> Exporting page 731...
[Pages 1000-1500] -> Exporting page 1212...
[Pages 0-500] -> Exporting page 161...
[Pages 1500-2000] -> Exporting page 1764...
[Pages 500-1000] -> Exporting page 732...
[Pages 1500-2000] -> Exporting page 1765...
[Pages 1000-1500] -> Exporting page 1213...
[Pages 0-500] -> Exporting page 162...
[Pages 500-1000] -> Exporting page 733...
[Pages 1500-2000] -> Exporting page 1766...
[Pages 1000-1500] -> Exporting page 1214...
[Pages 500-1000] -> Exporting page 734...
[Pages 0-500] -> Exporting page 163...
[Pages 1000-1500] -> Exporting page 1215...
[Pages 1500-2000] -> Exporting page 1767...
[Pages 500-1000] -> Exporting page 735...
[Pages 1500-2000] -> Exporting page 1768...
[Pages 1000-1500] -> Exporting page 1216...
[Pages 500-1000] -> Exporting page 736...
[Pages 0-500] -> Exporting page 164...
[Pages 1500-2000] -> Exporting page 1769...
[Pages 500-1000] -> Exporting page 737...
[Pages 1000-1500] -> Exporting page 1217...
[Pages 1500-2000] -> Exporting page 1770...
[Pages 500-1000] -> Exporting page 738...
[Pages 0-500] -> Exporting page 165...
[Pages 1000-1500] -> Exporting page 1218...
[Pages 1500-2000] -> Exporting page 1771...
[Pages 500-1000] -> Exporting page 739...
[Pages 1500-2000] -> Exporting page 1772...
[Pages 1000-1500] -> Exporting page 1219...
[Pages 0-500] -> Exporting page 166...
[Pages 500-1000] -> Exporting page 740...
[Pages 1500-2000] -> Exporting page 1773...
[Pages 1000-1500] -> Exporting page 1220...
[Pages 500-1000] -> Exporting page 741...
[Pages 1500-2000] -> Exporting page 1774...
[Pages 0-500] -> Exporting page 167...
[Pages 500-1000] -> Exporting page 742...
[Pages 1000-1500] -> Exporting page 1221...
[Pages 1500-2000] -> Exporting page 1775...
[Pages 500-1000] -> Exporting page 743...
[Pages 1500-2000] -> Exporting page 1776...
[Pages 1000-1500] -> Exporting page 1222...
[Pages 0-500] -> Exporting page 168...
[Pages 1500-2000] -> Exporting page 1777...
[Pages 500-1000] -> Exporting page 744...
[Pages 1000-1500] -> Exporting page 1223...
[Pages 1500-2000] -> Exporting page 1778...
[Pages 500-1000] -> Exporting page 745...
[Pages 1000-1500] -> Exporting page 1224...
[Pages 0-500] -> Exporting page 169...
[Pages 1500-2000] -> Exporting page 1779...
[Pages 500-1000] -> Exporting page 746...
[Pages 1500-2000] -> Exporting page 1780...
[Pages 1000-1500] -> Exporting page 1225...
[Pages 500-1000] -> Exporting page 747...
[Pages 0-500] -> Exporting page 170...
[Pages 1500-2000] -> Exporting page 1781...
[Pages 500-1000] -> Exporting page 748...
[Pages 1000-1500] -> Exporting page 1226...
[Pages 1500-2000] -> Exporting page 1782...
[Pages 0-500] -> Exporting page 171...
[Pages 500-1000] -> Exporting page 749...
[Pages 1000-1500] -> Exporting page 1227...
[Pages 1500-2000] -> Exporting page 1783...
[Pages 500-1000] -> Exporting page 750...
[Pages 1500-2000] -> Exporting page 1784...
[Pages 1000-1500] -> Exporting page 1228...
[Pages 0-500] -> Exporting page 172...
[Pages 500-1000] -> Exporting page 751...
[Pages 1500-2000] -> Exporting page 1785...
[Pages 1000-1500] -> Exporting page 1229...
[Pages 0-500] -> Exporting page 173...
[Pages 1500-2000] -> Exporting page 1786...
[Pages 500-1000] -> Exporting page 752...
[Pages 1000-1500] -> Exporting page 1230...
[Pages 0-500] -> Exporting page 174...
[Pages 1500-2000] -> Exporting page 1787...
[Pages 500-1000] -> Exporting page 753...
[Pages 1000-1500] -> Exporting page 1231...
[Pages 1500-2000] -> Exporting page 1788...
[Pages 0-500] -> Exporting page 175...
[Pages 500-1000] -> Exporting page 754...
[Pages 1500-2000] -> Exporting page 1789...
[Pages 1000-1500] -> Exporting page 1232...
[Pages 0-500] -> Exporting page 176...
[Pages 500-1000] -> Exporting page 755...
[Pages 1500-2000] -> Exporting page 1790...
[Pages 1000-1500] -> Exporting page 1233...
[Pages 1500-2000] -> Exporting page 1791...
[Pages 0-500] -> Exporting page 177...
[Pages 500-1000] -> Exporting page 756...
[Pages 1000-1500] -> Exporting page 1234...
[Pages 1500-2000] -> Exporting page 1792...
[Pages 0-500] -> Exporting page 178...
[Pages 500-1000] -> Exporting page 757...
[Pages 1500-2000] -> Exporting page 1793...
[Pages 1000-1500] -> Exporting page 1235...
[Pages 500-1000] -> Exporting page 758...
[Pages 1500-2000] -> Exporting page 1794...
[Pages 0-500] -> Exporting page 179...
[Pages 1000-1500] -> Exporting page 1236...
[Pages 1500-2000] -> Exporting page 1795...
[Pages 500-1000] -> Exporting page 759...
[Pages 0-500] -> Exporting page 180...
[Pages 1500-2000] -> Exporting page 1796...
[Pages 1000-1500] -> Exporting page 1237...
[Pages 500-1000] -> Exporting page 760...
[Pages 0-500] -> Exporting page 181...
[Pages 1500-2000] -> Exporting page 1797...
[Pages 1000-1500] -> Exporting page 1238...
[Pages 500-1000] -> Exporting page 761...
[Pages 1500-2000] -> Exporting page 1798...
[Pages 0-500] -> Exporting page 182...
[Pages 1000-1500] -> Exporting page 1239...
[Pages 1500-2000] -> Exporting page 1799...
[Pages 500-1000] -> Exporting page 762...
[Pages 0-500] -> Exporting page 183...
[Pages 1000-1500] -> Exporting page 1240...
[Pages 1500-2000] -> Exporting page 1800...
[Pages 500-1000] -> Exporting page 763...
[Pages 1500-2000] -> Exporting page 1801...
[Pages 1000-1500] -> Exporting page 1241...
[Pages 0-500] -> Exporting page 184...
[Pages 1500-2000] -> Exporting page 1802...
[Pages 500-1000] -> Exporting page 764...
[Pages 1000-1500] -> Exporting page 1242...
[Pages 0-500] -> Exporting page 185...
[Pages 1500-2000] -> Exporting page 1803...
[Pages 500-1000] -> Exporting page 765...
[Pages 1000-1500] -> Exporting page 1243...
[Pages 1500-2000] -> Exporting page 1804...
[Pages 0-500] -> Exporting page 186...
[Pages 500-1000] -> Exporting page 766...
[Pages 1500-2000] -> Exporting page 1805...
[Pages 1000-1500] -> Exporting page 1244...
[Pages 0-500] -> Exporting page 187...
[Pages 1500-2000] -> Exporting page 1806...
[Pages 500-1000] -> Exporting page 767...
[Pages 1000-1500] -> Exporting page 1245...
[Pages 1500-2000] -> Exporting page 1807...
[Pages 0-500] -> Exporting page 188...
[Pages 1000-1500] -> Exporting page 1246...
[Pages 1500-2000] -> Exporting page 1808...
[Pages 500-1000] -> Exporting page 768...
[Pages 0-500] -> Exporting page 189...
[Pages 1500-2000] -> Exporting page 1809...
[Pages 1000-1500] -> Exporting page 1247...
[Pages 500-1000] -> Exporting page 769...
[Pages 1500-2000] -> Exporting page 1810...
[Pages 0-500] -> Exporting page 190...
[Pages 1000-1500] -> Exporting page 1248...
[Pages 500-1000] -> Exporting page 770...
[Pages 1500-2000] -> Exporting page 1811...
[Pages 0-500] -> Exporting page 191...
[Pages 1000-1500] -> Exporting page 1249...
[Pages 1500-2000] -> Exporting page 1812...
[Pages 1500-2000] -> Exporting page 1813...
[Pages 500-1000] -> Exporting page 771...
[Pages 0-500] -> Exporting page 192...
[Pages 1000-1500] -> Exporting page 1250...
[Pages 1500-2000] -> Exporting page 1814...
[Pages 1000-1500] -> Exporting page 1251...
[Pages 0-500] -> Exporting page 193...
[Pages 500-1000] -> Exporting page 772...
[Pages 1500-2000] -> Exporting page 1815...
[Pages 1000-1500] -> Exporting page 1252...
[Pages 1500-2000] -> Exporting page 1816...
[Pages 0-500] -> Exporting page 194...
[Pages 500-1000] -> Exporting page 773...
[Pages 1500-2000] -> Exporting page 1817...
[Pages 1000-1500] -> Exporting page 1253...
[Pages 500-1000] -> Exporting page 774...
[Pages 0-500] -> Exporting page 195...
[Pages 1500-2000] -> Exporting page 1818...
[Pages 1000-1500] -> Exporting page 1254...
[Pages 500-1000] -> Exporting page 775...
[Pages 0-500] -> Exporting page 196...
[Pages 1500-2000] -> Exporting page 1819...
[Pages 1000-1500] -> Exporting page 1255...
[Pages 1500-2000] -> Exporting page 1820...
[Pages 500-1000] -> Exporting page 776...
[Pages 0-500] -> Exporting page 197...
[Pages 1500-2000] -> Exporting page 1821...
[Pages 1000-1500] -> Exporting page 1256...
[Pages 500-1000] -> Exporting page 777...
[Pages 0-500] -> Exporting page 198...
[Pages 1500-2000] -> Exporting page 1822...
[Pages 1000-1500] -> Exporting page 1257...
[Pages 500-1000] -> Exporting page 778...
[Pages 1500-2000] -> Exporting page 1823...
[Pages 0-500] -> Exporting page 199...
[Pages 1000-1500] -> Exporting page 1258...
[Pages 1500-2000] -> Exporting page 1824...
[Pages 500-1000] -> Exporting page 779...
[Pages 0-500] -> Exporting page 200...
[Pages 1500-2000] -> Exporting page 1825...
[Pages 1000-1500] -> Exporting page 1259...
[Pages 500-1000] -> Exporting page 780...
[Pages 1500-2000] -> Exporting page 1826...
[Pages 0-500] -> Exporting page 201...
[Pages 1000-1500] -> Exporting page 1260...
[Pages 500-1000] -> Exporting page 781...
[Pages 1500-2000] -> Exporting page 1827...
[Pages 0-500] -> Exporting page 202...
[Pages 1000-1500] -> Exporting page 1261...
[Pages 1500-2000] -> Exporting page 1828...
[Pages 500-1000] -> Exporting page 782...
[Pages 1500-2000] -> Exporting page 1829...
[Pages 1000-1500] -> Exporting page 1262...
[Pages 0-500] -> Exporting page 203...
[Pages 500-1000] -> Exporting page 783...
[Pages 1500-2000] -> Exporting page 1830...
[Pages 1000-1500] -> Exporting page 1263...
[Pages 0-500] -> Exporting page 204...
[Pages 500-1000] -> Exporting page 784...
[Pages 1500-2000] -> Exporting page 1831...
[Pages 1000-1500] -> Exporting page 1264...
[Pages 1500-2000] -> Exporting page 1832...
[Pages 0-500] -> Exporting page 205...
[Pages 500-1000] -> Exporting page 785...
[Pages 1500-2000] -> Exporting page 1833...
[Pages 1000-1500] -> Exporting page 1265...
[Pages 500-1000] -> Exporting page 786...
[Pages 0-500] -> Exporting page 206...
[Pages 1500-2000] -> Exporting page 1834...
[Pages 1000-1500] -> Exporting page 1266...
[Pages 500-1000] -> Exporting page 787...
[Pages 0-500] -> Exporting page 207...
[Pages 1500-2000] -> Exporting page 1835...
[Pages 500-1000] -> Exporting page 788...
[Pages 1000-1500] -> Exporting page 1267...
[Pages 0-500] -> Exporting page 208...
[Pages 1500-2000] -> Exporting page 1836...
[Pages 500-1000] -> Exporting page 789...
[Pages 1000-1500] -> Exporting page 1268...
[Pages 0-500] -> Exporting page 209...
[Pages 500-1000] -> Exporting page 790...
[Pages 1500-2000] -> Exporting page 1837...
[Pages 1000-1500] -> Exporting page 1269...
[Pages 0-500] -> Exporting page 210...
[Pages 500-1000] -> Exporting page 791...
[Pages 1500-2000] -> Exporting page 1838...
[Pages 1000-1500] -> Exporting page 1270...
[Pages 500-1000] -> Exporting page 792...
[Pages 0-500] -> Exporting page 211...
[Pages 1500-2000] -> Exporting page 1839...
[Pages 1000-1500] -> Exporting page 1271...
[Pages 500-1000] -> Exporting page 793...
[Pages 1500-2000] -> Exporting page 1840...
[Pages 0-500] -> Exporting page 212...
[Pages 500-1000] -> Exporting page 794...
[Pages 1000-1500] -> Exporting page 1272...
[Pages 1500-2000] -> Exporting page 1841...
[Pages 500-1000] -> Exporting page 795...
[Pages 0-500] -> Exporting page 213...
[Pages 1000-1500] -> Exporting page 1273...
[Pages 1500-2000] -> Exporting page 1842...
[Pages 500-1000] -> Exporting page 796...
[Pages 0-500] -> Exporting page 214...
[Pages 1000-1500] -> Exporting page 1274...
[Pages 1500-2000] -> Exporting page 1843...
[Pages 500-1000] -> Exporting page 797...
[Pages 0-500] -> Exporting page 215...
[Pages 1000-1500] -> Exporting page 1275...
[Pages 1500-2000] -> Exporting page 1844...
[Pages 500-1000] -> Exporting page 798...
[Pages 500-1000] -> Exporting page 799...
[Pages 0-500] -> Exporting page 216...
[Pages 1500-2000] -> Exporting page 1845...
[Pages 1000-1500] -> Exporting page 1276...
[Pages 500-1000] -> Exporting page 800...
[Pages 1500-2000] -> Exporting page 1846...
[Pages 1000-1500] -> Exporting page 1277...
[Pages 0-500] -> Exporting page 217...
[Pages 500-1000] -> Exporting page 801...
[Pages 1500-2000] -> Exporting page 1847...
[Pages 1000-1500] -> Exporting page 1278...
[Pages 0-500] -> Exporting page 218...
[Pages 500-1000] -> Exporting page 802...
[Pages 1500-2000] -> Exporting page 1848...
[Pages 1000-1500] -> Exporting page 1279...
[Pages 0-500] -> Exporting page 219...
[Pages 500-1000] -> Exporting page 803...
[Pages 1500-2000] -> Exporting page 1849...
[Pages 1000-1500] -> Exporting page 1280...
[Pages 500-1000] -> Exporting page 804...
[Pages 0-500] -> Exporting page 220...
[Pages 1500-2000] -> Exporting page 1850...
[Pages 500-1000] -> Exporting page 805...
[Pages 1000-1500] -> Exporting page 1281...
[Pages 1500-2000] -> Exporting page 1851...
[Pages 0-500] -> Exporting page 221...
[Pages 500-1000] -> Exporting page 806...
[Pages 1000-1500] -> Exporting page 1282...
[Pages 1500-2000] -> Exporting page 1852...
[Pages 500-1000] -> Exporting page 807...
[Pages 0-500] -> Exporting page 222...
[Pages 1000-1500] -> Exporting page 1283...
[Pages 500-1000] -> Exporting page 808...
[Pages 1500-2000] -> Exporting page 1853...
[Pages 0-500] -> Exporting page 223...
[Pages 500-1000] -> Exporting page 809...
[Pages 1000-1500] -> Exporting page 1284...
[Pages 1500-2000] -> Exporting page 1854...
[Pages 0-500] -> Exporting page 224...
[Pages 500-1000] -> Exporting page 810...
[Pages 1000-1500] -> Exporting page 1285...
[Pages 1500-2000] -> Exporting page 1855...
[Pages 500-1000] -> Exporting page 811...
[Pages 0-500] -> Exporting page 225...
[Pages 1500-2000] -> Exporting page 1856...
[Pages 1000-1500] -> Exporting page 1286...
[Pages 500-1000] -> Exporting page 812...
[Pages 1500-2000] -> Exporting page 1857...
[Pages 0-500] -> Exporting page 226...
[Pages 1000-1500] -> Exporting page 1287...
[Pages 500-1000] -> Exporting page 813...
[Pages 1500-2000] -> Exporting page 1858...
[Pages 0-500] -> Exporting page 227...
[Pages 1000-1500] -> Exporting page 1288...
[Pages 500-1000] -> Exporting page 814...
[Pages 1500-2000] -> Exporting page 1859...
[Pages 500-1000] -> Exporting page 815...
[Pages 1000-1500] -> Exporting page 1289...
[Pages 0-500] -> Exporting page 228...
[Pages 1500-2000] -> Exporting page 1860...
[Pages 500-1000] -> Exporting page 816...
[Pages 1000-1500] -> Exporting page 1290...
[Pages 0-500] -> Exporting page 229...
[Pages 1500-2000] -> Exporting page 1861...
[Pages 500-1000] -> Exporting page 817...
[Pages 1000-1500] -> Exporting page 1291...
[Pages 0-500] -> Exporting page 230...
[Pages 1500-2000] -> Exporting page 1862...
[Pages 500-1000] -> Exporting page 818...
[Pages 1000-1500] -> Exporting page 1292...
[Pages 1500-2000] -> Exporting page 1863...
[Pages 0-500] -> Exporting page 231...
[Pages 500-1000] -> Exporting page 819...
[Pages 1500-2000] -> Exporting page 1864...
[Pages 1000-1500] -> Exporting page 1293...
[Pages 0-500] -> Exporting page 232...
[Pages 1500-2000] -> Exporting page 1865...
[Pages 500-1000] -> Exporting page 820...
[Pages 1000-1500] -> Exporting page 1294...
[Pages 1500-2000] -> Exporting page 1866...
[Pages 0-500] -> Exporting page 233...
[Pages 500-1000] -> Exporting page 821...
[Pages 1000-1500] -> Exporting page 1295...
[Pages 1500-2000] -> Exporting page 1867...
[Pages 0-500] -> Exporting page 234...
[Pages 1500-2000] -> Exporting page 1868...
[Pages 500-1000] -> Exporting page 822...
[Pages 1000-1500] -> Exporting page 1296...
[Pages 1500-2000] -> Exporting page 1869...
[Pages 0-500] -> Exporting page 235...
[Pages 500-1000] -> Exporting page 823...
[Pages 1000-1500] -> Exporting page 1297...
[Pages 1500-2000] -> Exporting page 1870...
[Pages 0-500] -> Exporting page 236...
[Pages 500-1000] -> Exporting page 824...
[Pages 1000-1500] -> Exporting page 1298...
[Pages 1500-2000] -> Exporting page 1871...
[Pages 1500-2000] -> Exporting page 1872...
[Pages 500-1000] -> Exporting page 825...
[Pages 0-500] -> Exporting page 237...
[Pages 1000-1500] -> Exporting page 1299...
[Pages 1500-2000] -> Exporting page 1873...
[Pages 500-1000] -> Exporting page 826...
[Pages 0-500] -> Exporting page 238...
[Pages 1000-1500] -> Exporting page 1300...
[Pages 1500-2000] -> Exporting page 1874...
[Pages 500-1000] -> Exporting page 827...
[Pages 1500-2000] -> Exporting page 1875...
[Pages 0-500] -> Exporting page 239...
[Pages 1000-1500] -> Exporting page 1301...
[Pages 1500-2000] -> Exporting page 1876...
[Pages 500-1000] -> Exporting page 828...
[Pages 1000-1500] -> Exporting page 1302...
[Pages 0-500] -> Exporting page 240...
[Pages 1500-2000] -> Exporting page 1877...
[Pages 500-1000] -> Exporting page 829...
[Pages 1000-1500] -> Exporting page 1303...
[Pages 0-500] -> Exporting page 241...
[Pages 1500-2000] -> Exporting page 1878...
[Pages 500-1000] -> Exporting page 830...
[Pages 1500-2000] -> Exporting page 1879...
[Pages 1000-1500] -> Exporting page 1304...
[Pages 0-500] -> Exporting page 242...
[Pages 1500-2000] -> Exporting page 1880...
[Pages 500-1000] -> Exporting page 831...
[Pages 1000-1500] -> Exporting page 1305...
[Pages 0-500] -> Exporting page 243...
[Pages 1500-2000] -> Exporting page 1881...
[Pages 500-1000] -> Exporting page 832...
[Pages 1000-1500] -> Exporting page 1306...
[Pages 1500-2000] -> Exporting page 1882...
[Pages 0-500] -> Exporting page 244...
[Pages 500-1000] -> Exporting page 833...
[Pages 1500-2000] -> Exporting page 1883...
[Pages 1000-1500] -> Exporting page 1307...
[Pages 0-500] -> Exporting page 245...
[Pages 500-1000] -> Exporting page 834...
[Pages 1500-2000] -> Exporting page 1884...
[Pages 1000-1500] -> Exporting page 1308...
[Pages 1500-2000] -> Exporting page 1885...
[Pages 0-500] -> Exporting page 246...
[Pages 1000-1500] -> Exporting page 1309...
[Pages 500-1000] -> Exporting page 835...
[Pages 1500-2000] -> Exporting page 1886...
[Pages 0-500] -> Exporting page 247...
[Pages 1000-1500] -> Exporting page 1310...
[Pages 1500-2000] -> Exporting page 1887...
[Pages 500-1000] -> Exporting page 836...
[Pages 0-500] -> Exporting page 248...
[Pages 1500-2000] -> Exporting page 1888...
[Pages 1000-1500] -> Exporting page 1311...
[Pages 500-1000] -> Exporting page 837...
[Pages 1500-2000] -> Exporting page 1889...
[Pages 0-500] -> Exporting page 249...
[Pages 1000-1500] -> Exporting page 1312...
[Pages 500-1000] -> Exporting page 838...
[Pages 1500-2000] -> Exporting page 1890...
[Pages 0-500] -> Exporting page 250...
[Pages 1000-1500] -> Exporting page 1313...
[Pages 1500-2000] -> Exporting page 1891...
[Pages 500-1000] -> Exporting page 839...
[Pages 1500-2000] -> Exporting page 1892...
[Pages 1000-1500] -> Exporting page 1314...
[Pages 0-500] -> Exporting page 251...
[Pages 500-1000] -> Exporting page 840...
[Pages 1500-2000] -> Exporting page 1893...
[Pages 1000-1500] -> Exporting page 1315...
[Pages 0-500] -> Exporting page 252...
[Pages 500-1000] -> Exporting page 841...
[Pages 1500-2000] -> Exporting page 1894...
[Pages 1000-1500] -> Exporting page 1316...
[Pages 1500-2000] -> Exporting page 1895...
[Pages 0-500] -> Exporting page 253...
[Pages 500-1000] -> Exporting page 842...
[Pages 1000-1500] -> Exporting page 1317...
[Pages 0-500] -> Exporting page 254...
[Pages 500-1000] -> Exporting page 843...
[Pages 1500-2000] -> Exporting page 1896...
[Pages 1000-1500] -> Exporting page 1318...
[Pages 1500-2000] -> Exporting page 1897...
[Pages 0-500] -> Exporting page 255...
[Pages 500-1000] -> Exporting page 844...
[Pages 1500-2000] -> Exporting page 1898...
[Pages 1000-1500] -> Exporting page 1319...
[Pages 0-500] -> Exporting page 256...
[Pages 500-1000] -> Exporting page 845...
[Pages 1500-2000] -> Exporting page 1899...
[Pages 1000-1500] -> Exporting page 1320...
[Pages 1500-2000] -> Exporting page 1900...
[Pages 0-500] -> Exporting page 257...
[Pages 500-1000] -> Exporting page 846...
[Pages 1000-1500] -> Exporting page 1321...
[Pages 1500-2000] -> Exporting page 1901...
[Pages 0-500] -> Exporting page 258...
[Pages 1500-2000] -> Exporting page 1902...
[Pages 500-1000] -> Exporting page 847...
[Pages 1000-1500] -> Exporting page 1322...
[Pages 1500-2000] -> Exporting page 1903...
[Pages 0-500] -> Exporting page 259...
[Pages 500-1000] -> Exporting page 848...
[Pages 1000-1500] -> Exporting page 1323...
[Pages 1500-2000] -> Exporting page 1904...
[Pages 0-500] -> Exporting page 260...
[Pages 1000-1500] -> Exporting page 1324...
[Pages 1500-2000] -> Exporting page 1905...
[Pages 500-1000] -> Exporting page 849...
[Pages 1500-2000] -> Exporting page 1906...
[Pages 0-500] -> Exporting page 261...
[Pages 1000-1500] -> Exporting page 1325...
[Pages 500-1000] -> Exporting page 850...
[Pages 1500-2000] -> Exporting page 1907...
[Pages 0-500] -> Exporting page 262...
[Pages 1000-1500] -> Exporting page 1326...
[Pages 1500-2000] -> Exporting page 1908...
[Pages 500-1000] -> Exporting page 851...
[Pages 1000-1500] -> Exporting page 1327...
[Pages 0-500] -> Exporting page 263...
[Pages 1500-2000] -> Exporting page 1909...
[Pages 500-1000] -> Exporting page 852...
[Pages 1500-2000] -> Exporting page 1910...
[Pages 1000-1500] -> Exporting page 1328...
[Pages 0-500] -> Exporting page 264...
[Pages 500-1000] -> Exporting page 853...
[Pages 1500-2000] -> Exporting page 1911...
[Pages 1000-1500] -> Exporting page 1329...
[Pages 0-500] -> Exporting page 265...
[Pages 1500-2000] -> Exporting page 1912...
[Pages 500-1000] -> Exporting page 854...
[Pages 1000-1500] -> Exporting page 1330...
[Pages 1500-2000] -> Exporting page 1913...
[Pages 0-500] -> Exporting page 266...
[Pages 500-1000] -> Exporting page 855...
[Pages 1500-2000] -> Exporting page 1914...
[Pages 1000-1500] -> Exporting page 1331...
[Pages 0-500] -> Exporting page 267...
[Pages 1500-2000] -> Exporting page 1915...
[Pages 500-1000] -> Exporting page 856...
[Pages 1000-1500] -> Exporting page 1332...
[Pages 1500-2000] -> Exporting page 1916...
[Pages 0-500] -> Exporting page 268...
[Pages 1000-1500] -> Exporting page 1333...
[Pages 1500-2000] -> Exporting page 1917...
[Pages 500-1000] -> Exporting page 857...
[Pages 0-500] -> Exporting page 269...
[Pages 1500-2000] -> Exporting page 1918...
[Pages 1000-1500] -> Exporting page 1334...
[Pages 1500-2000] -> Exporting page 1919...
[Pages 0-500] -> Exporting page 270...
[Pages 500-1000] -> Exporting page 858...
[Pages 1000-1500] -> Exporting page 1335...
[Pages 1500-2000] -> Exporting page 1920...
[Pages 0-500] -> Exporting page 271...
[Pages 500-1000] -> Exporting page 859...
[Pages 1000-1500] -> Exporting page 1336...
[Pages 1500-2000] -> Exporting page 1921...
[Pages 1500-2000] -> Exporting page 1922...
[Pages 500-1000] -> Exporting page 860...
[Pages 0-500] -> Exporting page 272...
[Pages 1000-1500] -> Exporting page 1337...
[Pages 1500-2000] -> Exporting page 1923...
[Pages 1000-1500] -> Exporting page 1338...
[Pages 500-1000] -> Exporting page 861...
[Pages 0-500] -> Exporting page 273...
[Pages 1500-2000] -> Exporting page 1924...
[Pages 500-1000] -> Exporting page 862...
[Pages 1000-1500] -> Exporting page 1339...
[Pages 1500-2000] -> Exporting page 1925...
[Pages 0-500] -> Exporting page 274...
[Pages 1500-2000] -> Exporting page 1926...
[Pages 500-1000] -> Exporting page 863...
[Pages 1000-1500] -> Exporting page 1340...
[Pages 0-500] -> Exporting page 275...
[Pages 1500-2000] -> Exporting page 1927...
[Pages 1000-1500] -> Exporting page 1341...
[Pages 0-500] -> Exporting page 276...
[Pages 1500-2000] -> Exporting page 1928...
[Pages 500-1000] -> Exporting page 864...
[Pages 1000-1500] -> Exporting page 1342...
[Pages 1500-2000] -> Exporting page 1929...
[Pages 0-500] -> Exporting page 277...
[Pages 500-1000] -> Exporting page 865...
[Pages 1500-2000] -> Exporting page 1930...
[Pages 1000-1500] -> Exporting page 1343...
[Pages 0-500] -> Exporting page 278...
[Pages 500-1000] -> Exporting page 866...
[Pages 1500-2000] -> Exporting page 1931...
[Pages 1000-1500] -> Exporting page 1344...
[Pages 1500-2000] -> Exporting page 1932...
[Pages 0-500] -> Exporting page 279...
[Pages 500-1000] -> Exporting page 867...
[Pages 1000-1500] -> Exporting page 1345...
[Pages 1500-2000] -> Exporting page 1933...
[Pages 0-500] -> Exporting page 280...
[Pages 500-1000] -> Exporting page 868...
[Pages 1500-2000] -> Exporting page 1934...
[Pages 1000-1500] -> Exporting page 1346...
[Pages 1500-2000] -> Exporting page 1935...
[Pages 500-1000] -> Exporting page 869...
[Pages 0-500] -> Exporting page 281...
[Pages 1000-1500] -> Exporting page 1347...
[Pages 1500-2000] -> Exporting page 1936...
[Pages 500-1000] -> Exporting page 870...
[Pages 0-500] -> Exporting page 282...
[Pages 1000-1500] -> Exporting page 1348...
[Pages 1500-2000] -> Exporting page 1937...
[Pages 500-1000] -> Exporting page 871...
[Pages 1500-2000] -> Exporting page 1938...
[Pages 0-500] -> Exporting page 283...
[Pages 1000-1500] -> Exporting page 1349...
[Pages 1500-2000] -> Exporting page 1939...
[Pages 500-1000] -> Exporting page 872...
[Pages 0-500] -> Exporting page 284...
[Pages 1000-1500] -> Exporting page 1350...
[Pages 1500-2000] -> Exporting page 1940...
[Pages 500-1000] -> Exporting page 873...
[Pages 0-500] -> Exporting page 285...
[Pages 1000-1500] -> Exporting page 1351...
[Pages 1500-2000] -> Exporting page 1941...
[Pages 500-1000] -> Exporting page 874...
[Pages 1500-2000] -> Exporting page 1942...
[Pages 1000-1500] -> Exporting page 1352...
[Pages 0-500] -> Exporting page 286...
[Pages 1500-2000] -> Exporting page 1943...
[Pages 500-1000] -> Exporting page 875...
[Pages 1000-1500] -> Exporting page 1353...
[Pages 0-500] -> Exporting page 287...
[Pages 1500-2000] -> Exporting page 1944...
[Pages 500-1000] -> Exporting page 876...
[Pages 1000-1500] -> Exporting page 1354...
[Pages 1500-2000] -> Exporting page 1945...
[Pages 0-500] -> Exporting page 288...
[Pages 500-1000] -> Exporting page 877...
[Pages 1500-2000] -> Exporting page 1946...
[Pages 1000-1500] -> Exporting page 1355...
[Pages 0-500] -> Exporting page 289...
[Pages 1500-2000] -> Exporting page 1947...
[Pages 500-1000] -> Exporting page 878...
[Pages 1000-1500] -> Exporting page 1356...
[Pages 1500-2000] -> Exporting page 1948...
[Pages 0-500] -> Exporting page 290...
[Pages 500-1000] -> Exporting page 879...
[Pages 1000-1500] -> Exporting page 1357...
[Pages 1500-2000] -> Exporting page 1949...
[Pages 0-500] -> Exporting page 291...
[Pages 500-1000] -> Exporting page 880...
[Pages 1500-2000] -> Exporting page 1950...
[Pages 1000-1500] -> Exporting page 1358...
[Pages 1500-2000] -> Exporting page 1951...
[Pages 0-500] -> Exporting page 292...
[Pages 500-1000] -> Exporting page 881...
[Pages 1000-1500] -> Exporting page 1359...
[Pages 1500-2000] -> Exporting page 1952...
[Pages 0-500] -> Exporting page 293...
[Pages 1000-1500] -> Exporting page 1360...
[Pages 500-1000] -> Exporting page 882...
[Pages 1500-2000] -> Exporting page 1953...
[Pages 0-500] -> Exporting page 294...
[Pages 1500-2000] -> Exporting page 1954...
[Pages 1000-1500] -> Exporting page 1361...
[Pages 500-1000] -> Exporting page 883...
[Pages 1500-2000] -> Exporting page 1955...
[Pages 1000-1500] -> Exporting page 1362...
[Pages 0-500] -> Exporting page 295...
[Pages 1500-2000] -> Exporting page 1956...
[Pages 500-1000] -> Exporting page 884...
[Pages 1000-1500] -> Exporting page 1363...
[Pages 0-500] -> Exporting page 296...
[Pages 1500-2000] -> Exporting page 1957...
[Pages 500-1000] -> Exporting page 885...
[Pages 1500-2000] -> Exporting page 1958...
[Pages 1000-1500] -> Exporting page 1364...
[Pages 0-500] -> Exporting page 297...
[Pages 1500-2000] -> Exporting page 1959...
[Pages 500-1000] -> Exporting page 886...
[Pages 1000-1500] -> Exporting page 1365...
[Pages 0-500] -> Exporting page 298...
[Pages 1500-2000] -> Exporting page 1960...
[Pages 500-1000] -> Exporting page 887...
[Pages 1000-1500] -> Exporting page 1366...
[Pages 1500-2000] -> Exporting page 1961...
[Pages 0-500] -> Exporting page 299...
[Pages 500-1000] -> Exporting page 888...
[Pages 1000-1500] -> Exporting page 1367...
[Pages 1500-2000] -> Exporting page 1962...
[Pages 0-500] -> Exporting page 300...
[Pages 500-1000] -> Exporting page 889...
[Pages 1500-2000] -> Exporting page 1963...
[Pages 1000-1500] -> Exporting page 1368...
[Pages 1500-2000] -> Exporting page 1964...
[Pages 0-500] -> Exporting page 301...
[Pages 500-1000] -> Exporting page 890...
[Pages 1000-1500] -> Exporting page 1369...
[Pages 1500-2000] -> Exporting page 1965...
[Pages 0-500] -> Exporting page 302...
[Pages 500-1000] -> Exporting page 891...
[Pages 1000-1500] -> Exporting page 1370...
[Pages 1500-2000] -> Exporting page 1966...
[Pages 500-1000] -> Exporting page 892...
[Pages 0-500] -> Exporting page 303...
[Pages 1500-2000] -> Exporting page 1967...
[Pages 1000-1500] -> Exporting page 1371...
[Pages 1500-2000] -> Exporting page 1968...
[Pages 500-1000] -> Exporting page 893...
[Pages 0-500] -> Exporting page 304...
[Pages 1000-1500] -> Exporting page 1372...
[Pages 1500-2000] -> Exporting page 1969...
[Pages 500-1000] -> Exporting page 894...
[Pages 1000-1500] -> Exporting page 1373...
[Pages 0-500] -> Exporting page 305...
[Pages 1500-2000] -> Exporting page 1970...
[Pages 500-1000] -> Exporting page 895...
[Pages 1000-1500] -> Exporting page 1374...
[Pages 1500-2000] -> Exporting page 1971...
[Pages 0-500] -> Exporting page 306...
[Pages 1500-2000] -> Exporting page 1972...
[Pages 500-1000] -> Exporting page 896...
[Pages 1000-1500] -> Exporting page 1375...
[Pages 0-500] -> Exporting page 307...
[Pages 1500-2000] -> Exporting page 1973...
[Pages 500-1000] -> Exporting page 897...
[Pages 1000-1500] -> Exporting page 1376...
[Pages 1500-2000] -> Exporting page 1974...
[Pages 0-500] -> Exporting page 308...
[Pages 1500-2000] -> Exporting page 1975...
[Pages 1000-1500] -> Exporting page 1377...
[Pages 500-1000] -> Exporting page 898...
[Pages 0-500] -> Exporting page 309...
[Pages 1500-2000] -> Exporting page 1976...
[Pages 1000-1500] -> Exporting page 1378...
[Pages 500-1000] -> Exporting page 899...
[Pages 0-500] -> Exporting page 310...
[Pages 1500-2000] -> Exporting page 1977...
[Pages 1000-1500] -> Exporting page 1379...
[Pages 500-1000] -> Exporting page 900...
[Pages 1500-2000] -> Exporting page 1978...
[Pages 0-500] -> Exporting page 311...
[Pages 1500-2000] -> Exporting page 1979...
[Pages 1000-1500] -> Exporting page 1380...
[Pages 500-1000] -> Exporting page 901...
[Pages 0-500] -> Exporting page 312...
[Pages 1500-2000] -> Exporting page 1980...
[Pages 1000-1500] -> Exporting page 1381...
[Pages 1500-2000] -> Exporting page 1981...
[Pages 500-1000] -> Exporting page 902...
[Pages 0-500] -> Exporting page 313...
[Pages 1000-1500] -> Exporting page 1382...
[Pages 1500-2000] -> Exporting page 1982...
[Pages 500-1000] -> Exporting page 903...
[Pages 0-500] -> Exporting page 314...
[Pages 1000-1500] -> Exporting page 1383...
[Pages 1500-2000] -> Exporting page 1983...
[Pages 500-1000] -> Exporting page 904...
[Pages 0-500] -> Exporting page 315...
[Pages 1500-2000] -> Exporting page 1984...
[Pages 1000-1500] -> Exporting page 1384...
[Pages 1500-2000] -> Exporting page 1985...
[Pages 500-1000] -> Exporting page 905...
[Pages 1000-1500] -> Exporting page 1385...
[Pages 0-500] -> Exporting page 316...
[Pages 1500-2000] -> Exporting page 1986...
[Pages 500-1000] -> Exporting page 906...
[Pages 1000-1500] -> Exporting page 1386...
[Pages 0-500] -> Exporting page 317...
[Pages 1500-2000] -> Exporting page 1987...
[Pages 500-1000] -> Exporting page 907...
[Pages 1000-1500] -> Exporting page 1387...
[Pages 1500-2000] -> Exporting page 1988...
[Pages 0-500] -> Exporting page 318...
[Pages 500-1000] -> Exporting page 908...
[Pages 1500-2000] -> Exporting page 1989...
[Pages 1000-1500] -> Exporting page 1388...
[Pages 0-500] -> Exporting page 319...
[Pages 1500-2000] -> Exporting page 1990...
[Pages 500-1000] -> Exporting page 909...
[Pages 1000-1500] -> Exporting page 1389...
[Pages 1500-2000] -> Exporting page 1991...
[Pages 0-500] -> Exporting page 320...
[Pages 500-1000] -> Exporting page 910...
[Pages 1000-1500] -> Exporting page 1390...
[Pages 1500-2000] -> Exporting page 1992...
[Pages 0-500] -> Exporting page 321...
[Pages 1500-2000] -> Exporting page 1993...
[Pages 500-1000] -> Exporting page 911...
[Pages 1000-1500] -> Exporting page 1391...
[Pages 1500-2000] -> Exporting page 1994...
[Pages 0-500] -> Exporting page 322...
[Pages 500-1000] -> Exporting page 912...
[Pages 1000-1500] -> Exporting page 1392...
[Pages 1500-2000] -> Exporting page 1995...
[Pages 500-1000] -> Exporting page 913...
[Pages 1000-1500] -> Exporting page 1393...
[Pages 1500-2000] -> Exporting page 1996...
[Pages 0-500] -> Exporting page 323...
[Pages 500-1000] -> Exporting page 914...
[Pages 1500-2000] -> Exporting page 1997...
[Pages 1000-1500] -> Exporting page 1394...
[Pages 0-500] -> Exporting page 324...
[Pages 500-1000] -> Exporting page 915...
[Pages 1500-2000] -> Exporting page 1998...
[Pages 1000-1500] -> Exporting page 1395...
[Pages 500-1000] -> Exporting page 916...
[Pages 1500-2000] -> Exporting page 1999...
[Pages 0-500] -> Exporting page 325...
[Pages 1000-1500] -> Exporting page 1396...
[Pages 1500-2000] -> Exporting page 2000...
[Pages 500-1000] -> Exporting page 917...
[Pages 1500-2000] Worker finished successfully.
[Pages 1000-1500] -> Exporting page 1397...
[Pages 2000-2195] Analyzing layout and structure...
/storage/home/hcoda1/1/ssinghal88/scratch/.conda/envs/tokensmith/lib/python3.12/site-packages/docling/datamodel/document.py:221: FutureWarning: DoclingParseV2DocumentBackend was removed in docling 2.74.0 and will raise an error in a future release. Use DoclingParseDocumentBackend instead.
  self._backend = backend(self, path_or_stream=path_or_stream)
[Pages 500-1000] -> Exporting page 918...
[Pages 0-500] -> Exporting page 326...
[Pages 500-1000] -> Exporting page 919...
[Pages 1000-1500] -> Exporting page 1398...
[Pages 0-500] -> Exporting page 327...
[Pages 500-1000] -> Exporting page 920...
[Pages 1000-1500] -> Exporting page 1399...
[Pages 500-1000] -> Exporting page 921...
[Pages 1000-1500] -> Exporting page 1400...
[Pages 0-500] -> Exporting page 328...
[Pages 500-1000] -> Exporting page 922...
[Pages 1000-1500] -> Exporting page 1401...
[Pages 500-1000] -> Exporting page 923...
[Pages 0-500] -> Exporting page 329...
[Pages 1000-1500] -> Exporting page 1402...
[Pages 500-1000] -> Exporting page 924...
[Pages 0-500] -> Exporting page 330...
[Pages 500-1000] -> Exporting page 925...
[Pages 1000-1500] -> Exporting page 1403...
[Pages 500-1000] -> Exporting page 926...
[Pages 1000-1500] -> Exporting page 1404...
[Pages 0-500] -> Exporting page 331...
[Pages 500-1000] -> Exporting page 927...
[Pages 1000-1500] -> Exporting page 1405...
[Pages 500-1000] -> Exporting page 928...
[Pages 0-500] -> Exporting page 332...
[Pages 1000-1500] -> Exporting page 1406...
[Pages 500-1000] -> Exporting page 929...
[Pages 1000-1500] -> Exporting page 1407...
[Pages 500-1000] -> Exporting page 930...
[Pages 0-500] -> Exporting page 333...
[Pages 500-1000] -> Exporting page 931...
[Pages 1000-1500] -> Exporting page 1408...
[Pages 500-1000] -> Exporting page 932...
[Pages 0-500] -> Exporting page 334...
[Pages 1000-1500] -> Exporting page 1409...
[Pages 500-1000] -> Exporting page 933...
[Pages 1000-1500] -> Exporting page 1410...
[Pages 500-1000] -> Exporting page 934...
[Pages 0-500] -> Exporting page 335...
[Pages 1000-1500] -> Exporting page 1411...
[Pages 500-1000] -> Exporting page 935...
[Pages 0-500] -> Exporting page 336...
[Pages 500-1000] -> Exporting page 936...
[Pages 1000-1500] -> Exporting page 1412...
[Pages 500-1000] -> Exporting page 937...
[Pages 1000-1500] -> Exporting page 1413...
[Pages 0-500] -> Exporting page 337...
[Pages 500-1000] -> Exporting page 938...
[Pages 1000-1500] -> Exporting page 1414...
[Pages 500-1000] -> Exporting page 939...
[Pages 0-500] -> Exporting page 338...
[Pages 1000-1500] -> Exporting page 1415...
[Pages 500-1000] -> Exporting page 940...
[Pages 1000-1500] -> Exporting page 1416...
[Pages 0-500] -> Exporting page 339...
[Pages 500-1000] -> Exporting page 941...
[Pages 500-1000] -> Exporting page 942...
[Pages 1000-1500] -> Exporting page 1417...
[Pages 0-500] -> Exporting page 340...
[Pages 500-1000] -> Exporting page 943...
[Pages 1000-1500] -> Exporting page 1418...
[Pages 500-1000] -> Exporting page 944...
[Pages 1000-1500] -> Exporting page 1419...
[Pages 0-500] -> Exporting page 341...
[Pages 500-1000] -> Exporting page 945...
[Pages 1000-1500] -> Exporting page 1420...
[Pages 500-1000] -> Exporting page 946...
[Pages 0-500] -> Exporting page 342...
[Pages 500-1000] -> Exporting page 947...
[Pages 1000-1500] -> Exporting page 1421...
[Pages 500-1000] -> Exporting page 948...
[Pages 1000-1500] -> Exporting page 1422...
[Pages 0-500] -> Exporting page 343...
[Pages 500-1000] -> Exporting page 949...
[Pages 1000-1500] -> Exporting page 1423...
[Pages 500-1000] -> Exporting page 950...
[Pages 0-500] -> Exporting page 344...
[Pages 1000-1500] -> Exporting page 1424...
[Pages 500-1000] -> Exporting page 951...
[Pages 1000-1500] -> Exporting page 1425...
[Pages 500-1000] -> Exporting page 952...
[Pages 0-500] -> Exporting page 345...
[Pages 500-1000] -> Exporting page 953...
[Pages 1000-1500] -> Exporting page 1426...
[Pages 0-500] -> Exporting page 346...
[Pages 500-1000] -> Exporting page 954...
[Pages 1000-1500] -> Exporting page 1427...
[Pages 500-1000] -> Exporting page 955...
[Pages 1000-1500] -> Exporting page 1428...
[Pages 0-500] -> Exporting page 347...
[Pages 500-1000] -> Exporting page 956...
[Pages 1000-1500] -> Exporting page 1429...
[Pages 500-1000] -> Exporting page 957...
[Pages 0-500] -> Exporting page 348...
[Pages 1000-1500] -> Exporting page 1430...
[Pages 500-1000] -> Exporting page 958...
[Pages 500-1000] -> Exporting page 959...
[Pages 1000-1500] -> Exporting page 1431...
[Pages 0-500] -> Exporting page 349...
[Pages 500-1000] -> Exporting page 960...
[Pages 1000-1500] -> Exporting page 1432...
[Pages 500-1000] -> Exporting page 961...
[Pages 0-500] -> Exporting page 350...
[Pages 1000-1500] -> Exporting page 1433...
[Pages 500-1000] -> Exporting page 962...
[Pages 0-500] -> Exporting page 351...
[Pages 1000-1500] -> Exporting page 1434...
[Pages 500-1000] -> Exporting page 963...
[Pages 500-1000] -> Exporting page 964...
[Pages 1000-1500] -> Exporting page 1435...
[Pages 0-500] -> Exporting page 352...
[Pages 500-1000] -> Exporting page 965...
[Pages 1000-1500] -> Exporting page 1436...
[Pages 500-1000] -> Exporting page 966...
[Pages 0-500] -> Exporting page 353...
[Pages 1000-1500] -> Exporting page 1437...
[Pages 500-1000] -> Exporting page 967...
[Pages 1000-1500] -> Exporting page 1438...
[Pages 500-1000] -> Exporting page 968...
[Pages 0-500] -> Exporting page 354...
[Pages 500-1000] -> Exporting page 969...
[Pages 1000-1500] -> Exporting page 1439...
[Pages 500-1000] -> Exporting page 970...
[Pages 0-500] -> Exporting page 355...
[Pages 1000-1500] -> Exporting page 1440...
[Pages 500-1000] -> Exporting page 971...
[Pages 1000-1500] -> Exporting page 1441...
[Pages 0-500] -> Exporting page 356...
[Pages 500-1000] -> Exporting page 972...
[Pages 1000-1500] -> Exporting page 1442...
[Pages 500-1000] -> Exporting page 973...
[Pages 0-500] -> Exporting page 357...
[Pages 1000-1500] -> Exporting page 1443...
[Pages 500-1000] -> Exporting page 974...
[Pages 1000-1500] -> Exporting page 1444...
[Pages 0-500] -> Exporting page 358...
[Pages 500-1000] -> Exporting page 975...
[Pages 1000-1500] -> Exporting page 1445...
[Pages 500-1000] -> Exporting page 976...
[Pages 0-500] -> Exporting page 359...
[Pages 1000-1500] -> Exporting page 1446...
[Pages 500-1000] -> Exporting page 977...
[Pages 500-1000] -> Exporting page 978...
[Pages 1000-1500] -> Exporting page 1447...
[Pages 0-500] -> Exporting page 360...
[Pages 500-1000] -> Exporting page 979...
[Pages 1000-1500] -> Exporting page 1448...
[Pages 500-1000] -> Exporting page 980...
[Pages 0-500] -> Exporting page 361...
[Pages 1000-1500] -> Exporting page 1449...
[Pages 0-500] -> Exporting page 362...
[Pages 500-1000] -> Exporting page 981...
[Pages 1000-1500] -> Exporting page 1450...
[Pages 0-500] -> Exporting page 363...
[Pages 1000-1500] -> Exporting page 1451...
[Pages 500-1000] -> Exporting page 982...
[Pages 1000-1500] -> Exporting page 1452...
[Pages 0-500] -> Exporting page 364...
[Pages 500-1000] -> Exporting page 983...
[Pages 1000-1500] -> Exporting page 1453...
[Pages 0-500] -> Exporting page 365...
[Pages 500-1000] -> Exporting page 984...
[Pages 1000-1500] -> Exporting page 1454...
[Pages 0-500] -> Exporting page 366...
[Pages 500-1000] -> Exporting page 985...
[Pages 1000-1500] -> Exporting page 1455...
[Pages 0-500] -> Exporting page 367...
[Pages 500-1000] -> Exporting page 986...
[Pages 1000-1500] -> Exporting page 1456...
[Pages 0-500] -> Exporting page 368...
[Pages 500-1000] -> Exporting page 987...
[Pages 1000-1500] -> Exporting page 1457...
[Pages 0-500] -> Exporting page 369...
[Pages 500-1000] -> Exporting page 988...
[Pages 1000-1500] -> Exporting page 1458...
[Pages 0-500] -> Exporting page 370...
[Pages 500-1000] -> Exporting page 989...
[Pages 1000-1500] -> Exporting page 1459...
[Pages 0-500] -> Exporting page 371...
[Pages 500-1000] -> Exporting page 990...
[Pages 1000-1500] -> Exporting page 1460...
[Pages 0-500] -> Exporting page 372...
[Pages 500-1000] -> Exporting page 991...
[Pages 1000-1500] -> Exporting page 1461...
[Pages 0-500] -> Exporting page 373...
[Pages 500-1000] -> Exporting page 992...
[Pages 1000-1500] -> Exporting page 1462...
[Pages 0-500] -> Exporting page 374...
[Pages 500-1000] -> Exporting page 993...
[Pages 1000-1500] -> Exporting page 1463...
[Pages 500-1000] -> Exporting page 994...
[Pages 0-500] -> Exporting page 375...
[Pages 1000-1500] -> Exporting page 1464...
[Pages 1000-1500] -> Exporting page 1465...
[Pages 0-500] -> Exporting page 376...
[Pages 500-1000] -> Exporting page 995...
[Pages 1000-1500] -> Exporting page 1466...
[Pages 0-500] -> Exporting page 377...
[Pages 500-1000] -> Exporting page 996...
[Pages 1000-1500] -> Exporting page 1467...
[Pages 0-500] -> Exporting page 378...
[Pages 500-1000] -> Exporting page 997...
[Pages 1000-1500] -> Exporting page 1468...
[Pages 500-1000] -> Exporting page 998...
[Pages 0-500] -> Exporting page 379...
[Pages 1000-1500] -> Exporting page 1469...
[Pages 500-1000] -> Exporting page 999...
[Pages 0-500] -> Exporting page 380...
[Pages 1000-1500] -> Exporting page 1470...
[Pages 500-1000] -> Exporting page 1000...
[Pages 0-500] -> Exporting page 381...
[Pages 1000-1500] -> Exporting page 1471...
[Pages 500-1000] Worker finished successfully.
[Pages 0-500] -> Exporting page 382...
[Pages 1000-1500] -> Exporting page 1472...
[Pages 0-500] -> Exporting page 383...
[Pages 1000-1500] -> Exporting page 1473...
[Pages 0-500] -> Exporting page 384...
[Pages 1000-1500] -> Exporting page 1474...
[Pages 0-500] -> Exporting page 385...
[Pages 1000-1500] -> Exporting page 1475...
[Pages 0-500] -> Exporting page 386...
[Pages 1000-1500] -> Exporting page 1476...
[Pages 0-500] -> Exporting page 387...
[Pages 1000-1500] -> Exporting page 1477...
[Pages 0-500] -> Exporting page 388...
[Pages 1000-1500] -> Exporting page 1478...
[Pages 0-500] -> Exporting page 389...
[Pages 1000-1500] -> Exporting page 1479...
[Pages 1000-1500] -> Exporting page 1480...
[Pages 0-500] -> Exporting page 390...
[Pages 1000-1500] -> Exporting page 1481...
[Pages 0-500] -> Exporting page 391...
[Pages 1000-1500] -> Exporting page 1482...
[Pages 0-500] -> Exporting page 392...
[Pages 1000-1500] -> Exporting page 1483...
[Pages 0-500] -> Exporting page 393...
[Pages 1000-1500] -> Exporting page 1484...
[Pages 0-500] -> Exporting page 394...
[Pages 1000-1500] -> Exporting page 1485...
[Pages 0-500] -> Exporting page 395...
[Pages 1000-1500] -> Exporting page 1486...
[Pages 0-500] -> Exporting page 396...
[Pages 1000-1500] -> Exporting page 1487...
[Pages 0-500] -> Exporting page 397...
[Pages 1000-1500] -> Exporting page 1488...
[Pages 0-500] -> Exporting page 398...
[Pages 1000-1500] -> Exporting page 1489...
[Pages 0-500] -> Exporting page 399...
[Pages 1000-1500] -> Exporting page 1490...
[Pages 0-500] -> Exporting page 400...
[Pages 1000-1500] -> Exporting page 1491...
[Pages 0-500] -> Exporting page 401...
[Pages 1000-1500] -> Exporting page 1492...
[Pages 2000-2195] Layout parsed. Serializing 195 pages to Markdown...
[Pages 2000-2195] -> Exporting page 2001...
[Pages 2000-2195] -> Exporting page 2002...
[Pages 1000-1500] -> Exporting page 1493...
[Pages 0-500] -> Exporting page 402...
[Pages 2000-2195] -> Exporting page 2003...
[Pages 2000-2195] -> Exporting page 2004...
[Pages 1000-1500] -> Exporting page 1494...
[Pages 0-500] -> Exporting page 403...
[Pages 2000-2195] -> Exporting page 2005...
[Pages 2000-2195] -> Exporting page 2006...
[Pages 1000-1500] -> Exporting page 1495...
[Pages 0-500] -> Exporting page 404...
[Pages 2000-2195] -> Exporting page 2007...
[Pages 2000-2195] -> Exporting page 2008...
[Pages 1000-1500] -> Exporting page 1496...
[Pages 0-500] -> Exporting page 405...
[Pages 2000-2195] -> Exporting page 2009...
[Pages 2000-2195] -> Exporting page 2010...
[Pages 1000-1500] -> Exporting page 1497...
[Pages 2000-2195] -> Exporting page 2011...
[Pages 0-500] -> Exporting page 406...
[Pages 2000-2195] -> Exporting page 2012...
[Pages 1000-1500] -> Exporting page 1498...
[Pages 2000-2195] -> Exporting page 2013...
[Pages 0-500] -> Exporting page 407...
[Pages 2000-2195] -> Exporting page 2014...
[Pages 1000-1500] -> Exporting page 1499...
[Pages 2000-2195] -> Exporting page 2015...
[Pages 0-500] -> Exporting page 408...
[Pages 2000-2195] -> Exporting page 2016...
[Pages 1000-1500] -> Exporting page 1500...
[Pages 2000-2195] -> Exporting page 2017...
[Pages 0-500] -> Exporting page 409...
[Pages 2000-2195] -> Exporting page 2018...
[Pages 1000-1500] Worker finished successfully.
[Pages 2000-2195] -> Exporting page 2019...
[Pages 0-500] -> Exporting page 410...
[Pages 2000-2195] -> Exporting page 2020...
[Pages 2000-2195] -> Exporting page 2021...
[Pages 2000-2195] -> Exporting page 2022...
[Pages 0-500] -> Exporting page 411...
[Pages 2000-2195] -> Exporting page 2023...
[Pages 2000-2195] -> Exporting page 2024...
[Pages 0-500] -> Exporting page 412...
[Pages 2000-2195] -> Exporting page 2025...
[Pages 2000-2195] -> Exporting page 2026...
[Pages 0-500] -> Exporting page 413...
[Pages 2000-2195] -> Exporting page 2027...
[Pages 2000-2195] -> Exporting page 2028...
[Pages 0-500] -> Exporting page 414...
[Pages 2000-2195] -> Exporting page 2029...
[Pages 2000-2195] -> Exporting page 2030...
[Pages 2000-2195] -> Exporting page 2031...
[Pages 0-500] -> Exporting page 415...
[Pages 2000-2195] -> Exporting page 2032...
[Pages 2000-2195] -> Exporting page 2033...
[Pages 0-500] -> Exporting page 416...
[Pages 2000-2195] -> Exporting page 2034...
[Pages 2000-2195] -> Exporting page 2035...
[Pages 0-500] -> Exporting page 417...
[Pages 2000-2195] -> Exporting page 2036...
[Pages 2000-2195] -> Exporting page 2037...
[Pages 0-500] -> Exporting page 418...
[Pages 2000-2195] -> Exporting page 2038...
[Pages 2000-2195] -> Exporting page 2039...
[Pages 0-500] -> Exporting page 419...
[Pages 2000-2195] -> Exporting page 2040...
[Pages 2000-2195] -> Exporting page 2041...
[Pages 2000-2195] -> Exporting page 2042...
[Pages 0-500] -> Exporting page 420...
[Pages 2000-2195] -> Exporting page 2043...
[Pages 2000-2195] -> Exporting page 2044...
[Pages 0-500] -> Exporting page 421...
[Pages 2000-2195] -> Exporting page 2045...
[Pages 2000-2195] -> Exporting page 2046...
[Pages 0-500] -> Exporting page 422...
[Pages 2000-2195] -> Exporting page 2047...
[Pages 2000-2195] -> Exporting page 2048...
[Pages 0-500] -> Exporting page 423...
[Pages 2000-2195] -> Exporting page 2049...
[Pages 2000-2195] -> Exporting page 2050...
[Pages 0-500] -> Exporting page 424...
[Pages 2000-2195] -> Exporting page 2051...
[Pages 2000-2195] -> Exporting page 2052...
[Pages 2000-2195] -> Exporting page 2053...
[Pages 0-500] -> Exporting page 425...
[Pages 2000-2195] -> Exporting page 2054...
[Pages 2000-2195] -> Exporting page 2055...
[Pages 0-500] -> Exporting page 426...
[Pages 2000-2195] -> Exporting page 2056...
[Pages 2000-2195] -> Exporting page 2057...
[Pages 0-500] -> Exporting page 427...
[Pages 2000-2195] -> Exporting page 2058...
[Pages 2000-2195] -> Exporting page 2059...
[Pages 0-500] -> Exporting page 428...
[Pages 2000-2195] -> Exporting page 2060...
[Pages 2000-2195] -> Exporting page 2061...
[Pages 0-500] -> Exporting page 429...
[Pages 2000-2195] -> Exporting page 2062...
[Pages 2000-2195] -> Exporting page 2063...
[Pages 2000-2195] -> Exporting page 2064...
[Pages 0-500] -> Exporting page 430...
[Pages 2000-2195] -> Exporting page 2065...
[Pages 2000-2195] -> Exporting page 2066...
[Pages 0-500] -> Exporting page 431...
[Pages 2000-2195] -> Exporting page 2067...
[Pages 2000-2195] -> Exporting page 2068...
[Pages 0-500] -> Exporting page 432...
[Pages 2000-2195] -> Exporting page 2069...
[Pages 2000-2195] -> Exporting page 2070...
[Pages 0-500] -> Exporting page 433...
[Pages 2000-2195] -> Exporting page 2071...
[Pages 2000-2195] -> Exporting page 2072...
[Pages 2000-2195] -> Exporting page 2073...
[Pages 0-500] -> Exporting page 434...
[Pages 2000-2195] -> Exporting page 2074...
[Pages 2000-2195] -> Exporting page 2075...
[Pages 0-500] -> Exporting page 435...
[Pages 2000-2195] -> Exporting page 2076...
[Pages 2000-2195] -> Exporting page 2077...
[Pages 0-500] -> Exporting page 436...
[Pages 2000-2195] -> Exporting page 2078...
[Pages 2000-2195] -> Exporting page 2079...
[Pages 0-500] -> Exporting page 437...
[Pages 2000-2195] -> Exporting page 2080...
[Pages 2000-2195] -> Exporting page 2081...
[Pages 0-500] -> Exporting page 438...
[Pages 2000-2195] -> Exporting page 2082...
[Pages 2000-2195] -> Exporting page 2083...
[Pages 2000-2195] -> Exporting page 2084...
[Pages 0-500] -> Exporting page 439...
[Pages 2000-2195] -> Exporting page 2085...
[Pages 2000-2195] -> Exporting page 2086...
[Pages 0-500] -> Exporting page 440...
[Pages 2000-2195] -> Exporting page 2087...
[Pages 2000-2195] -> Exporting page 2088...
[Pages 0-500] -> Exporting page 441...
[Pages 2000-2195] -> Exporting page 2089...
[Pages 2000-2195] -> Exporting page 2090...
[Pages 0-500] -> Exporting page 442...
[Pages 2000-2195] -> Exporting page 2091...
[Pages 2000-2195] -> Exporting page 2092...
[Pages 0-500] -> Exporting page 443...
[Pages 2000-2195] -> Exporting page 2093...
[Pages 2000-2195] -> Exporting page 2094...
[Pages 2000-2195] -> Exporting page 2095...
[Pages 0-500] -> Exporting page 444...
[Pages 2000-2195] -> Exporting page 2096...
[Pages 2000-2195] -> Exporting page 2097...
[Pages 0-500] -> Exporting page 445...
[Pages 2000-2195] -> Exporting page 2098...
[Pages 2000-2195] -> Exporting page 2099...
[Pages 0-500] -> Exporting page 446...
[Pages 2000-2195] -> Exporting page 2100...
[Pages 2000-2195] -> Exporting page 2101...
[Pages 0-500] -> Exporting page 447...
[Pages 2000-2195] -> Exporting page 2102...
[Pages 2000-2195] -> Exporting page 2103...
[Pages 0-500] -> Exporting page 448...
[Pages 2000-2195] -> Exporting page 2104...
[Pages 2000-2195] -> Exporting page 2105...
[Pages 2000-2195] -> Exporting page 2106...
[Pages 0-500] -> Exporting page 449...
[Pages 2000-2195] -> Exporting page 2107...
[Pages 2000-2195] -> Exporting page 2108...
[Pages 0-500] -> Exporting page 450...
[Pages 2000-2195] -> Exporting page 2109...
[Pages 2000-2195] -> Exporting page 2110...
[Pages 0-500] -> Exporting page 451...
[Pages 2000-2195] -> Exporting page 2111...
[Pages 2000-2195] -> Exporting page 2112...
[Pages 0-500] -> Exporting page 452...
[Pages 2000-2195] -> Exporting page 2113...
[Pages 2000-2195] -> Exporting page 2114...
[Pages 2000-2195] -> Exporting page 2115...
[Pages 0-500] -> Exporting page 453...
[Pages 2000-2195] -> Exporting page 2116...
[Pages 2000-2195] -> Exporting page 2117...
[Pages 0-500] -> Exporting page 454...
[Pages 2000-2195] -> Exporting page 2118...
[Pages 2000-2195] -> Exporting page 2119...
[Pages 0-500] -> Exporting page 455...
[Pages 2000-2195] -> Exporting page 2120...
[Pages 2000-2195] -> Exporting page 2121...
[Pages 0-500] -> Exporting page 456...
[Pages 2000-2195] -> Exporting page 2122...
[Pages 2000-2195] -> Exporting page 2123...
[Pages 0-500] -> Exporting page 457...
[Pages 2000-2195] -> Exporting page 2124...
[Pages 2000-2195] -> Exporting page 2125...
[Pages 2000-2195] -> Exporting page 2126...
[Pages 0-500] -> Exporting page 458...
[Pages 2000-2195] -> Exporting page 2127...
[Pages 2000-2195] -> Exporting page 2128...
[Pages 0-500] -> Exporting page 459...
[Pages 2000-2195] -> Exporting page 2129...
[Pages 2000-2195] -> Exporting page 2130...
[Pages 0-500] -> Exporting page 460...
[Pages 2000-2195] -> Exporting page 2131...
[Pages 2000-2195] -> Exporting page 2132...
[Pages 0-500] -> Exporting page 461...
[Pages 2000-2195] -> Exporting page 2133...
[Pages 2000-2195] -> Exporting page 2134...
[Pages 2000-2195] -> Exporting page 2135...
[Pages 0-500] -> Exporting page 462...
[Pages 2000-2195] -> Exporting page 2136...
[Pages 2000-2195] -> Exporting page 2137...
[Pages 0-500] -> Exporting page 463...
[Pages 2000-2195] -> Exporting page 2138...
[Pages 2000-2195] -> Exporting page 2139...
[Pages 0-500] -> Exporting page 464...
[Pages 2000-2195] -> Exporting page 2140...
[Pages 2000-2195] -> Exporting page 2141...
[Pages 0-500] -> Exporting page 465...
[Pages 2000-2195] -> Exporting page 2142...
[Pages 2000-2195] -> Exporting page 2143...
[Pages 0-500] -> Exporting page 466...
[Pages 2000-2195] -> Exporting page 2144...
[Pages 2000-2195] -> Exporting page 2145...
[Pages 2000-2195] -> Exporting page 2146...
[Pages 0-500] -> Exporting page 467...
[Pages 2000-2195] -> Exporting page 2147...
[Pages 2000-2195] -> Exporting page 2148...
[Pages 0-500] -> Exporting page 468...
[Pages 2000-2195] -> Exporting page 2149...
[Pages 2000-2195] -> Exporting page 2150...
[Pages 0-500] -> Exporting page 469...
[Pages 2000-2195] -> Exporting page 2151...
[Pages 2000-2195] -> Exporting page 2152...
[Pages 0-500] -> Exporting page 470...
[Pages 2000-2195] -> Exporting page 2153...
[Pages 2000-2195] -> Exporting page 2154...
[Pages 2000-2195] -> Exporting page 2155...
[Pages 0-500] -> Exporting page 471...
[Pages 2000-2195] -> Exporting page 2156...
[Pages 2000-2195] -> Exporting page 2157...
[Pages 0-500] -> Exporting page 472...
[Pages 2000-2195] -> Exporting page 2158...
[Pages 2000-2195] -> Exporting page 2159...
[Pages 0-500] -> Exporting page 473...
[Pages 2000-2195] -> Exporting page 2160...
[Pages 2000-2195] -> Exporting page 2161...
[Pages 0-500] -> Exporting page 474...
[Pages 2000-2195] -> Exporting page 2162...
[Pages 2000-2195] -> Exporting page 2163...
[Pages 0-500] -> Exporting page 475...
[Pages 2000-2195] -> Exporting page 2164...
[Pages 2000-2195] -> Exporting page 2165...
[Pages 2000-2195] -> Exporting page 2166...
[Pages 0-500] -> Exporting page 476...
[Pages 2000-2195] -> Exporting page 2167...
[Pages 2000-2195] -> Exporting page 2168...
[Pages 0-500] -> Exporting page 477...
[Pages 2000-2195] -> Exporting page 2169...
[Pages 2000-2195] -> Exporting page 2170...
[Pages 0-500] -> Exporting page 478...
[Pages 2000-2195] -> Exporting page 2171...
[Pages 2000-2195] -> Exporting page 2172...
[Pages 0-500] -> Exporting page 479...
[Pages 2000-2195] -> Exporting page 2173...
[Pages 2000-2195] -> Exporting page 2174...
[Pages 2000-2195] -> Exporting page 2175...
[Pages 0-500] -> Exporting page 480...
[Pages 2000-2195] -> Exporting page 2176...
[Pages 2000-2195] -> Exporting page 2177...
[Pages 0-500] -> Exporting page 481...
[Pages 2000-2195] -> Exporting page 2178...
[Pages 2000-2195] -> Exporting page 2179...
[Pages 0-500] -> Exporting page 482...
[Pages 2000-2195] -> Exporting page 2180...
[Pages 2000-2195] -> Exporting page 2181...
[Pages 0-500] -> Exporting page 483...
[Pages 2000-2195] -> Exporting page 2182...
[Pages 2000-2195] -> Exporting page 2183...
[Pages 0-500] -> Exporting page 484...
[Pages 2000-2195] -> Exporting page 2184...
[Pages 2000-2195] -> Exporting page 2185...
[Pages 2000-2195] -> Exporting page 2186...
[Pages 0-500] -> Exporting page 485...
[Pages 2000-2195] -> Exporting page 2187...
[Pages 2000-2195] -> Exporting page 2188...
[Pages 0-500] -> Exporting page 486...
[Pages 2000-2195] -> Exporting page 2189...
[Pages 2000-2195] -> Exporting page 2190...
[Pages 0-500] -> Exporting page 487...
[Pages 2000-2195] -> Exporting page 2191...
[Pages 2000-2195] -> Exporting page 2192...
[Pages 0-500] -> Exporting page 488...
[Pages 2000-2195] -> Exporting page 2193...
[Pages 2000-2195] -> Exporting page 2194...
[Pages 2000-2195] -> Exporting page 2195...
[Pages 0-500] -> Exporting page 489...
[Pages 2000-2195] Worker finished successfully.
[Pages 0-500] -> Exporting page 490...
[Pages 0-500] -> Exporting page 491...
[Pages 0-500] -> Exporting page 492...
[Pages 0-500] -> Exporting page 493...
[Pages 0-500] -> Exporting page 494...
[Pages 0-500] -> Exporting page 495...
[Pages 0-500] -> Exporting page 496...
[Pages 0-500] -> Exporting page 497...
[Pages 0-500] -> Exporting page 498...
[Pages 0-500] -> Exporting page 499...
[Pages 0-500] -> Exporting page 500...
[Pages 0-500] Worker finished successfully.

[Reduce Phase] Merging worker outputs and writing to disk...

Starting Section Extraction...
Extracted content saved to '/storage/scratch1/1/ssinghal88/TokenSmith/data/experiments/workers_4_chunk_500_rtx6000/extracted_sections.json'

Saving profiling metrics to profiling.txt...
Experiment complete. Results in /storage/scratch1/1/ssinghal88/TokenSmith/data/experiments/workers_4_chunk_500_rtx6000
998.16user 33.69system 8:20.13elapsed 206%CPU (0avgtext+0avgdata 4020700maxresident)k
332136inputs+398160outputs (22594major+8677420minor)pagefaults 0swaps
